CRITICAL - 2026-05-09 19:38:59 --> Error: Undefined constant "CodeIgniter\Database\MySQLi\MYSQLI_STORE_RESULT"
[Method: POST, Route: admin/authenticate]
in SYSTEMPATH/Database/Database.php on line 147.
 1 SYSTEMPATH/Database/Database.php(61): CodeIgniter\Database\Database->initDriver()
 2 SYSTEMPATH/Database/Config.php(82): CodeIgniter\Database\Database->load()
 3 SYSTEMPATH/Model.php(150): CodeIgniter\Database\Config::connect()
 4 APPPATH/Controllers/AdminController.php(16): CodeIgniter\Model->__construct()
 5 SYSTEMPATH/CodeIgniter.php(951): App\Controllers\AdminController->authenticate()
 6 SYSTEMPATH/CodeIgniter.php(497): CodeIgniter\CodeIgniter->runController()
 7 SYSTEMPATH/CodeIgniter.php(340): CodeIgniter\CodeIgniter->handleRequest()
 8 SYSTEMPATH/Boot.php(417): CodeIgniter\CodeIgniter->run()
 9 SYSTEMPATH/Boot.php(68): CodeIgniter\Boot::runCodeIgniter()
10 FCPATH/index.php(59): CodeIgniter\Boot::bootWeb()
11 SYSTEMPATH/rewrite.php(44): require_once('/home/vaa/S4/SI/PROJET_REGIME/public/index.php')
CRITICAL - 2026-05-09 19:45:40 --> Error: Undefined constant "CodeIgniter\Database\MySQLi\MYSQLI_STORE_RESULT"
[Method: POST, Route: admin/authenticate]
in SYSTEMPATH/Database/Database.php on line 147.
 1 SYSTEMPATH/Database/Database.php(61): CodeIgniter\Database\Database->initDriver()
 2 SYSTEMPATH/Database/Config.php(82): CodeIgniter\Database\Database->load()
 3 SYSTEMPATH/Model.php(150): CodeIgniter\Database\Config::connect()
 4 APPPATH/Controllers/AdminController.php(16): CodeIgniter\Model->__construct()
 5 SYSTEMPATH/CodeIgniter.php(951): App\Controllers\AdminController->authenticate()
 6 SYSTEMPATH/CodeIgniter.php(497): CodeIgniter\CodeIgniter->runController()
 7 SYSTEMPATH/CodeIgniter.php(340): CodeIgniter\CodeIgniter->handleRequest()
 8 SYSTEMPATH/Boot.php(417): CodeIgniter\CodeIgniter->run()
 9 SYSTEMPATH/Boot.php(68): CodeIgniter\Boot::runCodeIgniter()
10 FCPATH/index.php(59): CodeIgniter\Boot::bootWeb()
11 SYSTEMPATH/rewrite.php(44): require_once('/home/vaa/S4/SI/PROJET_REGIME/public/index.php')
