CRITICAL - 2026-05-11 10:04:19 --> Error: Undefined constant "CodeIgniter\Database\MySQLi\MYSQLI_STORE_RESULT"
[Method: GET, Route: /]
in SYSTEMPATH/Database/Database.php on line 147.
 1 SYSTEMPATH/Database/Database.php(61): CodeIgniter\Database\Database->initDriver()
 2 SYSTEMPATH/Database/Config.php(82): CodeIgniter\Database\Database->load()
 3 SYSTEMPATH/Model.php(150): CodeIgniter\Database\Config::connect()
 4 APPPATH/Models/RegimeModel.php(28): CodeIgniter\Model->__construct()
 5 SYSTEMPATH/Config/Factories.php(236): App\Models\RegimeModel->__construct()
 6 SYSTEMPATH/Config/Factories.php(170): CodeIgniter\Config\Factories::createInstance()
 7 SYSTEMPATH/Common.php(833): CodeIgniter\Config\Factories::__callStatic()
 8 APPPATH/Controllers/HomeController.php(15): model()
 9 SYSTEMPATH/CodeIgniter.php(921): App\Controllers\HomeController->__construct()
10 SYSTEMPATH/CodeIgniter.php(488): CodeIgniter\CodeIgniter->createController()
11 SYSTEMPATH/CodeIgniter.php(340): CodeIgniter\CodeIgniter->handleRequest()
12 SYSTEMPATH/Boot.php(417): CodeIgniter\CodeIgniter->run()
13 SYSTEMPATH/Boot.php(68): CodeIgniter\Boot::runCodeIgniter()
14 FCPATH/index.php(59): CodeIgniter\Boot::bootWeb()
15 SYSTEMPATH/rewrite.php(44): require_once('/home/itu/Documents/s4/PROJET_REGIME/public/index.php')
CRITICAL - 2026-05-11 10:04:24 --> Error: Undefined constant "CodeIgniter\Database\MySQLi\MYSQLI_STORE_RESULT"
[Method: GET, Route: /]
in SYSTEMPATH/Database/Database.php on line 147.
 1 SYSTEMPATH/Database/Database.php(61): CodeIgniter\Database\Database->initDriver()
 2 SYSTEMPATH/Database/Config.php(82): CodeIgniter\Database\Database->load()
 3 SYSTEMPATH/Model.php(150): CodeIgniter\Database\Config::connect()
 4 APPPATH/Models/RegimeModel.php(28): CodeIgniter\Model->__construct()
 5 SYSTEMPATH/Config/Factories.php(236): App\Models\RegimeModel->__construct()
 6 SYSTEMPATH/Config/Factories.php(170): CodeIgniter\Config\Factories::createInstance()
 7 SYSTEMPATH/Common.php(833): CodeIgniter\Config\Factories::__callStatic()
 8 APPPATH/Controllers/HomeController.php(15): model()
 9 SYSTEMPATH/CodeIgniter.php(921): App\Controllers\HomeController->__construct()
10 SYSTEMPATH/CodeIgniter.php(488): CodeIgniter\CodeIgniter->createController()
11 SYSTEMPATH/CodeIgniter.php(340): CodeIgniter\CodeIgniter->handleRequest()
12 SYSTEMPATH/Boot.php(417): CodeIgniter\CodeIgniter->run()
13 SYSTEMPATH/Boot.php(68): CodeIgniter\Boot::runCodeIgniter()
14 FCPATH/index.php(59): CodeIgniter\Boot::bootWeb()
15 SYSTEMPATH/rewrite.php(44): require_once('/home/itu/Documents/s4/PROJET_REGIME/public/index.php')
CRITICAL - 2026-05-11 10:04:25 --> Error: Undefined constant "CodeIgniter\Database\MySQLi\MYSQLI_STORE_RESULT"
[Method: GET, Route: /]
in SYSTEMPATH/Database/Database.php on line 147.
 1 SYSTEMPATH/Database/Database.php(61): CodeIgniter\Database\Database->initDriver()
 2 SYSTEMPATH/Database/Config.php(82): CodeIgniter\Database\Database->load()
 3 SYSTEMPATH/Model.php(150): CodeIgniter\Database\Config::connect()
 4 APPPATH/Models/RegimeModel.php(28): CodeIgniter\Model->__construct()
 5 SYSTEMPATH/Config/Factories.php(236): App\Models\RegimeModel->__construct()
 6 SYSTEMPATH/Config/Factories.php(170): CodeIgniter\Config\Factories::createInstance()
 7 SYSTEMPATH/Common.php(833): CodeIgniter\Config\Factories::__callStatic()
 8 APPPATH/Controllers/HomeController.php(15): model()
 9 SYSTEMPATH/CodeIgniter.php(921): App\Controllers\HomeController->__construct()
10 SYSTEMPATH/CodeIgniter.php(488): CodeIgniter\CodeIgniter->createController()
11 SYSTEMPATH/CodeIgniter.php(340): CodeIgniter\CodeIgniter->handleRequest()
12 SYSTEMPATH/Boot.php(417): CodeIgniter\CodeIgniter->run()
13 SYSTEMPATH/Boot.php(68): CodeIgniter\Boot::runCodeIgniter()
14 FCPATH/index.php(59): CodeIgniter\Boot::bootWeb()
15 SYSTEMPATH/rewrite.php(44): require_once('/home/itu/Documents/s4/PROJET_REGIME/public/index.php')
CRITICAL - 2026-05-11 10:06:52 --> Error: Undefined constant "CodeIgniter\Database\MySQLi\MYSQLI_STORE_RESULT"
[Method: GET, Route: /]
in SYSTEMPATH/Database/Database.php on line 147.
 1 SYSTEMPATH/Database/Database.php(61): CodeIgniter\Database\Database->initDriver()
 2 SYSTEMPATH/Database/Config.php(82): CodeIgniter\Database\Database->load()
 3 SYSTEMPATH/Model.php(150): CodeIgniter\Database\Config::connect()
 4 APPPATH/Models/RegimeModel.php(28): CodeIgniter\Model->__construct()
 5 SYSTEMPATH/Config/Factories.php(236): App\Models\RegimeModel->__construct()
 6 SYSTEMPATH/Config/Factories.php(170): CodeIgniter\Config\Factories::createInstance()
 7 SYSTEMPATH/Common.php(833): CodeIgniter\Config\Factories::__callStatic()
 8 APPPATH/Controllers/HomeController.php(15): model()
 9 SYSTEMPATH/CodeIgniter.php(921): App\Controllers\HomeController->__construct()
10 SYSTEMPATH/CodeIgniter.php(488): CodeIgniter\CodeIgniter->createController()
11 SYSTEMPATH/CodeIgniter.php(340): CodeIgniter\CodeIgniter->handleRequest()
12 SYSTEMPATH/Boot.php(417): CodeIgniter\CodeIgniter->run()
13 SYSTEMPATH/Boot.php(68): CodeIgniter\Boot::runCodeIgniter()
14 FCPATH/index.php(59): CodeIgniter\Boot::bootWeb()
15 SYSTEMPATH/rewrite.php(44): require_once('/home/itu/Documents/s4/PROJET_REGIME/public/index.php')
CRITICAL - 2026-05-11 10:06:53 --> Error: Undefined constant "CodeIgniter\Database\MySQLi\MYSQLI_STORE_RESULT"
[Method: GET, Route: /]
in SYSTEMPATH/Database/Database.php on line 147.
 1 SYSTEMPATH/Database/Database.php(61): CodeIgniter\Database\Database->initDriver()
 2 SYSTEMPATH/Database/Config.php(82): CodeIgniter\Database\Database->load()
 3 SYSTEMPATH/Model.php(150): CodeIgniter\Database\Config::connect()
 4 APPPATH/Models/RegimeModel.php(28): CodeIgniter\Model->__construct()
 5 SYSTEMPATH/Config/Factories.php(236): App\Models\RegimeModel->__construct()
 6 SYSTEMPATH/Config/Factories.php(170): CodeIgniter\Config\Factories::createInstance()
 7 SYSTEMPATH/Common.php(833): CodeIgniter\Config\Factories::__callStatic()
 8 APPPATH/Controllers/HomeController.php(15): model()
 9 SYSTEMPATH/CodeIgniter.php(921): App\Controllers\HomeController->__construct()
10 SYSTEMPATH/CodeIgniter.php(488): CodeIgniter\CodeIgniter->createController()
11 SYSTEMPATH/CodeIgniter.php(340): CodeIgniter\CodeIgniter->handleRequest()
12 SYSTEMPATH/Boot.php(417): CodeIgniter\CodeIgniter->run()
13 SYSTEMPATH/Boot.php(68): CodeIgniter\Boot::runCodeIgniter()
14 FCPATH/index.php(59): CodeIgniter\Boot::bootWeb()
15 SYSTEMPATH/rewrite.php(44): require_once('/home/itu/Documents/s4/PROJET_REGIME/public/index.php')
CRITICAL - 2026-05-11 10:06:53 --> Error: Undefined constant "CodeIgniter\Database\MySQLi\MYSQLI_STORE_RESULT"
[Method: GET, Route: /]
in SYSTEMPATH/Database/Database.php on line 147.
 1 SYSTEMPATH/Database/Database.php(61): CodeIgniter\Database\Database->initDriver()
 2 SYSTEMPATH/Database/Config.php(82): CodeIgniter\Database\Database->load()
 3 SYSTEMPATH/Model.php(150): CodeIgniter\Database\Config::connect()
 4 APPPATH/Models/RegimeModel.php(28): CodeIgniter\Model->__construct()
 5 SYSTEMPATH/Config/Factories.php(236): App\Models\RegimeModel->__construct()
 6 SYSTEMPATH/Config/Factories.php(170): CodeIgniter\Config\Factories::createInstance()
 7 SYSTEMPATH/Common.php(833): CodeIgniter\Config\Factories::__callStatic()
 8 APPPATH/Controllers/HomeController.php(15): model()
 9 SYSTEMPATH/CodeIgniter.php(921): App\Controllers\HomeController->__construct()
10 SYSTEMPATH/CodeIgniter.php(488): CodeIgniter\CodeIgniter->createController()
11 SYSTEMPATH/CodeIgniter.php(340): CodeIgniter\CodeIgniter->handleRequest()
12 SYSTEMPATH/Boot.php(417): CodeIgniter\CodeIgniter->run()
13 SYSTEMPATH/Boot.php(68): CodeIgniter\Boot::runCodeIgniter()
14 FCPATH/index.php(59): CodeIgniter\Boot::bootWeb()
15 SYSTEMPATH/rewrite.php(44): require_once('/home/itu/Documents/s4/PROJET_REGIME/public/index.php')
CRITICAL - 2026-05-11 10:06:53 --> Error: Undefined constant "CodeIgniter\Database\MySQLi\MYSQLI_STORE_RESULT"
[Method: GET, Route: /]
in SYSTEMPATH/Database/Database.php on line 147.
 1 SYSTEMPATH/Database/Database.php(61): CodeIgniter\Database\Database->initDriver()
 2 SYSTEMPATH/Database/Config.php(82): CodeIgniter\Database\Database->load()
 3 SYSTEMPATH/Model.php(150): CodeIgniter\Database\Config::connect()
 4 APPPATH/Models/RegimeModel.php(28): CodeIgniter\Model->__construct()
 5 SYSTEMPATH/Config/Factories.php(236): App\Models\RegimeModel->__construct()
 6 SYSTEMPATH/Config/Factories.php(170): CodeIgniter\Config\Factories::createInstance()
 7 SYSTEMPATH/Common.php(833): CodeIgniter\Config\Factories::__callStatic()
 8 APPPATH/Controllers/HomeController.php(15): model()
 9 SYSTEMPATH/CodeIgniter.php(921): App\Controllers\HomeController->__construct()
10 SYSTEMPATH/CodeIgniter.php(488): CodeIgniter\CodeIgniter->createController()
11 SYSTEMPATH/CodeIgniter.php(340): CodeIgniter\CodeIgniter->handleRequest()
12 SYSTEMPATH/Boot.php(417): CodeIgniter\CodeIgniter->run()
13 SYSTEMPATH/Boot.php(68): CodeIgniter\Boot::runCodeIgniter()
14 FCPATH/index.php(59): CodeIgniter\Boot::bootWeb()
15 SYSTEMPATH/rewrite.php(44): require_once('/home/itu/Documents/s4/PROJET_REGIME/public/index.php')
CRITICAL - 2026-05-11 10:06:54 --> Error: Undefined constant "CodeIgniter\Database\MySQLi\MYSQLI_STORE_RESULT"
[Method: GET, Route: /]
in SYSTEMPATH/Database/Database.php on line 147.
 1 SYSTEMPATH/Database/Database.php(61): CodeIgniter\Database\Database->initDriver()
 2 SYSTEMPATH/Database/Config.php(82): CodeIgniter\Database\Database->load()
 3 SYSTEMPATH/Model.php(150): CodeIgniter\Database\Config::connect()
 4 APPPATH/Models/RegimeModel.php(28): CodeIgniter\Model->__construct()
 5 SYSTEMPATH/Config/Factories.php(236): App\Models\RegimeModel->__construct()
 6 SYSTEMPATH/Config/Factories.php(170): CodeIgniter\Config\Factories::createInstance()
 7 SYSTEMPATH/Common.php(833): CodeIgniter\Config\Factories::__callStatic()
 8 APPPATH/Controllers/HomeController.php(15): model()
 9 SYSTEMPATH/CodeIgniter.php(921): App\Controllers\HomeController->__construct()
10 SYSTEMPATH/CodeIgniter.php(488): CodeIgniter\CodeIgniter->createController()
11 SYSTEMPATH/CodeIgniter.php(340): CodeIgniter\CodeIgniter->handleRequest()
12 SYSTEMPATH/Boot.php(417): CodeIgniter\CodeIgniter->run()
13 SYSTEMPATH/Boot.php(68): CodeIgniter\Boot::runCodeIgniter()
14 FCPATH/index.php(59): CodeIgniter\Boot::bootWeb()
15 SYSTEMPATH/rewrite.php(44): require_once('/home/itu/Documents/s4/PROJET_REGIME/public/index.php')
CRITICAL - 2026-05-11 10:06:54 --> Error: Undefined constant "CodeIgniter\Database\MySQLi\MYSQLI_STORE_RESULT"
[Method: GET, Route: /]
in SYSTEMPATH/Database/Database.php on line 147.
 1 SYSTEMPATH/Database/Database.php(61): CodeIgniter\Database\Database->initDriver()
 2 SYSTEMPATH/Database/Config.php(82): CodeIgniter\Database\Database->load()
 3 SYSTEMPATH/Model.php(150): CodeIgniter\Database\Config::connect()
 4 APPPATH/Models/RegimeModel.php(28): CodeIgniter\Model->__construct()
 5 SYSTEMPATH/Config/Factories.php(236): App\Models\RegimeModel->__construct()
 6 SYSTEMPATH/Config/Factories.php(170): CodeIgniter\Config\Factories::createInstance()
 7 SYSTEMPATH/Common.php(833): CodeIgniter\Config\Factories::__callStatic()
 8 APPPATH/Controllers/HomeController.php(15): model()
 9 SYSTEMPATH/CodeIgniter.php(921): App\Controllers\HomeController->__construct()
10 SYSTEMPATH/CodeIgniter.php(488): CodeIgniter\CodeIgniter->createController()
11 SYSTEMPATH/CodeIgniter.php(340): CodeIgniter\CodeIgniter->handleRequest()
12 SYSTEMPATH/Boot.php(417): CodeIgniter\CodeIgniter->run()
13 SYSTEMPATH/Boot.php(68): CodeIgniter\Boot::runCodeIgniter()
14 FCPATH/index.php(59): CodeIgniter\Boot::bootWeb()
15 SYSTEMPATH/rewrite.php(44): require_once('/home/itu/Documents/s4/PROJET_REGIME/public/index.php')
CRITICAL - 2026-05-11 10:08:37 --> Error: Undefined constant "CodeIgniter\Database\MySQLi\MYSQLI_STORE_RESULT"
[Method: GET, Route: /]
in SYSTEMPATH/Database/Database.php on line 147.
 1 SYSTEMPATH/Database/Database.php(61): CodeIgniter\Database\Database->initDriver()
 2 SYSTEMPATH/Database/Config.php(82): CodeIgniter\Database\Database->load()
 3 SYSTEMPATH/Model.php(150): CodeIgniter\Database\Config::connect()
 4 APPPATH/Models/RegimeModel.php(28): CodeIgniter\Model->__construct()
 5 SYSTEMPATH/Config/Factories.php(236): App\Models\RegimeModel->__construct()
 6 SYSTEMPATH/Config/Factories.php(170): CodeIgniter\Config\Factories::createInstance()
 7 SYSTEMPATH/Common.php(833): CodeIgniter\Config\Factories::__callStatic()
 8 APPPATH/Controllers/HomeController.php(15): model()
 9 SYSTEMPATH/CodeIgniter.php(921): App\Controllers\HomeController->__construct()
10 SYSTEMPATH/CodeIgniter.php(488): CodeIgniter\CodeIgniter->createController()
11 SYSTEMPATH/CodeIgniter.php(340): CodeIgniter\CodeIgniter->handleRequest()
12 SYSTEMPATH/Boot.php(417): CodeIgniter\CodeIgniter->run()
13 SYSTEMPATH/Boot.php(68): CodeIgniter\Boot::runCodeIgniter()
14 FCPATH/index.php(59): CodeIgniter\Boot::bootWeb()
15 SYSTEMPATH/rewrite.php(44): require_once('/home/itu/Documents/s4/PROJET_REGIME/public/index.php')
CRITICAL - 2026-05-11 10:08:37 --> Error: Undefined constant "CodeIgniter\Database\MySQLi\MYSQLI_STORE_RESULT"
[Method: GET, Route: /]
in SYSTEMPATH/Database/Database.php on line 147.
 1 SYSTEMPATH/Database/Database.php(61): CodeIgniter\Database\Database->initDriver()
 2 SYSTEMPATH/Database/Config.php(82): CodeIgniter\Database\Database->load()
 3 SYSTEMPATH/Model.php(150): CodeIgniter\Database\Config::connect()
 4 APPPATH/Models/RegimeModel.php(28): CodeIgniter\Model->__construct()
 5 SYSTEMPATH/Config/Factories.php(236): App\Models\RegimeModel->__construct()
 6 SYSTEMPATH/Config/Factories.php(170): CodeIgniter\Config\Factories::createInstance()
 7 SYSTEMPATH/Common.php(833): CodeIgniter\Config\Factories::__callStatic()
 8 APPPATH/Controllers/HomeController.php(15): model()
 9 SYSTEMPATH/CodeIgniter.php(921): App\Controllers\HomeController->__construct()
10 SYSTEMPATH/CodeIgniter.php(488): CodeIgniter\CodeIgniter->createController()
11 SYSTEMPATH/CodeIgniter.php(340): CodeIgniter\CodeIgniter->handleRequest()
12 SYSTEMPATH/Boot.php(417): CodeIgniter\CodeIgniter->run()
13 SYSTEMPATH/Boot.php(68): CodeIgniter\Boot::runCodeIgniter()
14 FCPATH/index.php(59): CodeIgniter\Boot::bootWeb()
15 SYSTEMPATH/rewrite.php(44): require_once('/home/itu/Documents/s4/PROJET_REGIME/public/index.php')
CRITICAL - 2026-05-11 10:08:38 --> Error: Undefined constant "CodeIgniter\Database\MySQLi\MYSQLI_STORE_RESULT"
[Method: GET, Route: /]
in SYSTEMPATH/Database/Database.php on line 147.
 1 SYSTEMPATH/Database/Database.php(61): CodeIgniter\Database\Database->initDriver()
 2 SYSTEMPATH/Database/Config.php(82): CodeIgniter\Database\Database->load()
 3 SYSTEMPATH/Model.php(150): CodeIgniter\Database\Config::connect()
 4 APPPATH/Models/RegimeModel.php(28): CodeIgniter\Model->__construct()
 5 SYSTEMPATH/Config/Factories.php(236): App\Models\RegimeModel->__construct()
 6 SYSTEMPATH/Config/Factories.php(170): CodeIgniter\Config\Factories::createInstance()
 7 SYSTEMPATH/Common.php(833): CodeIgniter\Config\Factories::__callStatic()
 8 APPPATH/Controllers/HomeController.php(15): model()
 9 SYSTEMPATH/CodeIgniter.php(921): App\Controllers\HomeController->__construct()
10 SYSTEMPATH/CodeIgniter.php(488): CodeIgniter\CodeIgniter->createController()
11 SYSTEMPATH/CodeIgniter.php(340): CodeIgniter\CodeIgniter->handleRequest()
12 SYSTEMPATH/Boot.php(417): CodeIgniter\CodeIgniter->run()
13 SYSTEMPATH/Boot.php(68): CodeIgniter\Boot::runCodeIgniter()
14 FCPATH/index.php(59): CodeIgniter\Boot::bootWeb()
15 SYSTEMPATH/rewrite.php(44): require_once('/home/itu/Documents/s4/PROJET_REGIME/public/index.php')
