ERROR - 2026-05-10 02:43:54 --> Table 'Regime_DB.v_commande_regime' doesn't exist
in SYSTEMPATH/Database/MySQLi/Connection.php on line 300.
 1 SYSTEMPATH/Database/MySQLi/Connection.php(300): mysqli->query()
 2 SYSTEMPATH/Database/BaseConnection.php(910): CodeIgniter\Database\MySQLi\Connection->execute()
 3 SYSTEMPATH/Database/BaseConnection.php(827): CodeIgniter\Database\BaseConnection->simpleQuery()
 4 SYSTEMPATH/Database/BaseBuilder.php(1649): CodeIgniter\Database\BaseConnection->query()
 5 APPPATH/Models/CommandeModel.php(52): CodeIgniter\Database\BaseBuilder->get()
 6 APPPATH/Controllers/RegimeController.php(310): App\Models\CommandeModel->getPurchasedRegimesByUserId()
 7 SYSTEMPATH/CodeIgniter.php(951): App\Controllers\RegimeController->myRegimes()
 8 SYSTEMPATH/CodeIgniter.php(497): CodeIgniter\CodeIgniter->runController()
 9 SYSTEMPATH/CodeIgniter.php(340): CodeIgniter\CodeIgniter->handleRequest()
10 SYSTEMPATH/Boot.php(417): CodeIgniter\CodeIgniter->run()
11 SYSTEMPATH/Boot.php(68): CodeIgniter\Boot::runCodeIgniter()
12 FCPATH/index.php(59): CodeIgniter\Boot::bootWeb()
13 SYSTEMPATH/rewrite.php(44): require_once('/home/ianjara/dossier_personnel/ITU/L2/s4/PROJET_REGIME/public/index.php')
CRITICAL - 2026-05-10 02:43:54 --> CodeIgniter\Database\Exceptions\DatabaseException: Table 'Regime_DB.v_commande_regime' doesn't exist
[Method: GET, Route: mes-regimes]
in SYSTEMPATH/Database/BaseConnection.php on line 865.
 1 SYSTEMPATH/Database/BaseBuilder.php(1649): CodeIgniter\Database\BaseConnection->query()
 2 APPPATH/Models/CommandeModel.php(52): CodeIgniter\Database\BaseBuilder->get()
 3 APPPATH/Controllers/RegimeController.php(310): App\Models\CommandeModel->getPurchasedRegimesByUserId()
 4 SYSTEMPATH/CodeIgniter.php(951): App\Controllers\RegimeController->myRegimes()
 5 SYSTEMPATH/CodeIgniter.php(497): CodeIgniter\CodeIgniter->runController()
 6 SYSTEMPATH/CodeIgniter.php(340): CodeIgniter\CodeIgniter->handleRequest()
 7 SYSTEMPATH/Boot.php(417): CodeIgniter\CodeIgniter->run()
 8 SYSTEMPATH/Boot.php(68): CodeIgniter\Boot::runCodeIgniter()
 9 FCPATH/index.php(59): CodeIgniter\Boot::bootWeb()
10 SYSTEMPATH/rewrite.php(44): require_once('/home/ianjara/dossier_personnel/ITU/L2/s4/PROJET_REGIME/public/index.php')
CRITICAL - 2026-05-10 02:43:54 --> [Caused by] CodeIgniter\Database\Exceptions\DatabaseException: Table 'Regime_DB.v_commande_regime' doesn't exist
in SYSTEMPATH/Database/MySQLi/Connection.php on line 310.
 1 SYSTEMPATH/Database/BaseConnection.php(910): CodeIgniter\Database\MySQLi\Connection->execute()
 2 SYSTEMPATH/Database/BaseConnection.php(827): CodeIgniter\Database\BaseConnection->simpleQuery()
 3 SYSTEMPATH/Database/BaseBuilder.php(1649): CodeIgniter\Database\BaseConnection->query()
 4 APPPATH/Models/CommandeModel.php(52): CodeIgniter\Database\BaseBuilder->get()
 5 APPPATH/Controllers/RegimeController.php(310): App\Models\CommandeModel->getPurchasedRegimesByUserId()
 6 SYSTEMPATH/CodeIgniter.php(951): App\Controllers\RegimeController->myRegimes()
 7 SYSTEMPATH/CodeIgniter.php(497): CodeIgniter\CodeIgniter->runController()
 8 SYSTEMPATH/CodeIgniter.php(340): CodeIgniter\CodeIgniter->handleRequest()
 9 SYSTEMPATH/Boot.php(417): CodeIgniter\CodeIgniter->run()
10 SYSTEMPATH/Boot.php(68): CodeIgniter\Boot::runCodeIgniter()
11 FCPATH/index.php(59): CodeIgniter\Boot::bootWeb()
12 SYSTEMPATH/rewrite.php(44): require_once('/home/ianjara/dossier_personnel/ITU/L2/s4/PROJET_REGIME/public/index.php')
CRITICAL - 2026-05-10 02:43:54 --> [Caused by] mysqli_sql_exception: Table 'Regime_DB.v_commande_regime' doesn't exist
in SYSTEMPATH/Database/MySQLi/Connection.php on line 300.
 1 SYSTEMPATH/Database/MySQLi/Connection.php(300): mysqli->query()
 2 SYSTEMPATH/Database/BaseConnection.php(910): CodeIgniter\Database\MySQLi\Connection->execute()
 3 SYSTEMPATH/Database/BaseConnection.php(827): CodeIgniter\Database\BaseConnection->simpleQuery()
 4 SYSTEMPATH/Database/BaseBuilder.php(1649): CodeIgniter\Database\BaseConnection->query()
 5 APPPATH/Models/CommandeModel.php(52): CodeIgniter\Database\BaseBuilder->get()
 6 APPPATH/Controllers/RegimeController.php(310): App\Models\CommandeModel->getPurchasedRegimesByUserId()
 7 SYSTEMPATH/CodeIgniter.php(951): App\Controllers\RegimeController->myRegimes()
 8 SYSTEMPATH/CodeIgniter.php(497): CodeIgniter\CodeIgniter->runController()
 9 SYSTEMPATH/CodeIgniter.php(340): CodeIgniter\CodeIgniter->handleRequest()
10 SYSTEMPATH/Boot.php(417): CodeIgniter\CodeIgniter->run()
11 SYSTEMPATH/Boot.php(68): CodeIgniter\Boot::runCodeIgniter()
12 FCPATH/index.php(59): CodeIgniter\Boot::bootWeb()
13 SYSTEMPATH/rewrite.php(44): require_once('/home/ianjara/dossier_personnel/ITU/L2/s4/PROJET_REGIME/public/index.php')
ERROR - 2026-05-10 02:43:54 --> Table 'Regime_DB.v_commande_regime' doesn't exist
in SYSTEMPATH/Database/MySQLi/Connection.php on line 300.
 1 SYSTEMPATH/Database/MySQLi/Connection.php(300): mysqli->query()
 2 SYSTEMPATH/Database/BaseConnection.php(910): CodeIgniter\Database\MySQLi\Connection->execute()
 3 SYSTEMPATH/Database/BaseConnection.php(827): CodeIgniter\Database\BaseConnection->simpleQuery()
 4 SYSTEMPATH/Database/BaseBuilder.php(1649): CodeIgniter\Database\BaseConnection->query()
 5 APPPATH/Models/CommandeModel.php(52): CodeIgniter\Database\BaseBuilder->get()
 6 APPPATH/Controllers/RegimeController.php(310): App\Models\CommandeModel->getPurchasedRegimesByUserId()
 7 SYSTEMPATH/CodeIgniter.php(951): App\Controllers\RegimeController->myRegimes()
 8 SYSTEMPATH/CodeIgniter.php(497): CodeIgniter\CodeIgniter->runController()
 9 SYSTEMPATH/CodeIgniter.php(340): CodeIgniter\CodeIgniter->handleRequest()
10 SYSTEMPATH/Boot.php(417): CodeIgniter\CodeIgniter->run()
11 SYSTEMPATH/Boot.php(68): CodeIgniter\Boot::runCodeIgniter()
12 FCPATH/index.php(59): CodeIgniter\Boot::bootWeb()
13 SYSTEMPATH/rewrite.php(44): require_once('/home/ianjara/dossier_personnel/ITU/L2/s4/PROJET_REGIME/public/index.php')
CRITICAL - 2026-05-10 02:43:54 --> CodeIgniter\Database\Exceptions\DatabaseException: Table 'Regime_DB.v_commande_regime' doesn't exist
[Method: GET, Route: mes-regimes]
in SYSTEMPATH/Database/BaseConnection.php on line 865.
 1 SYSTEMPATH/Database/BaseBuilder.php(1649): CodeIgniter\Database\BaseConnection->query()
 2 APPPATH/Models/CommandeModel.php(52): CodeIgniter\Database\BaseBuilder->get()
 3 APPPATH/Controllers/RegimeController.php(310): App\Models\CommandeModel->getPurchasedRegimesByUserId()
 4 SYSTEMPATH/CodeIgniter.php(951): App\Controllers\RegimeController->myRegimes()
 5 SYSTEMPATH/CodeIgniter.php(497): CodeIgniter\CodeIgniter->runController()
 6 SYSTEMPATH/CodeIgniter.php(340): CodeIgniter\CodeIgniter->handleRequest()
 7 SYSTEMPATH/Boot.php(417): CodeIgniter\CodeIgniter->run()
 8 SYSTEMPATH/Boot.php(68): CodeIgniter\Boot::runCodeIgniter()
 9 FCPATH/index.php(59): CodeIgniter\Boot::bootWeb()
10 SYSTEMPATH/rewrite.php(44): require_once('/home/ianjara/dossier_personnel/ITU/L2/s4/PROJET_REGIME/public/index.php')
CRITICAL - 2026-05-10 02:43:54 --> [Caused by] CodeIgniter\Database\Exceptions\DatabaseException: Table 'Regime_DB.v_commande_regime' doesn't exist
in SYSTEMPATH/Database/MySQLi/Connection.php on line 310.
 1 SYSTEMPATH/Database/BaseConnection.php(910): CodeIgniter\Database\MySQLi\Connection->execute()
 2 SYSTEMPATH/Database/BaseConnection.php(827): CodeIgniter\Database\BaseConnection->simpleQuery()
 3 SYSTEMPATH/Database/BaseBuilder.php(1649): CodeIgniter\Database\BaseConnection->query()
 4 APPPATH/Models/CommandeModel.php(52): CodeIgniter\Database\BaseBuilder->get()
 5 APPPATH/Controllers/RegimeController.php(310): App\Models\CommandeModel->getPurchasedRegimesByUserId()
 6 SYSTEMPATH/CodeIgniter.php(951): App\Controllers\RegimeController->myRegimes()
 7 SYSTEMPATH/CodeIgniter.php(497): CodeIgniter\CodeIgniter->runController()
 8 SYSTEMPATH/CodeIgniter.php(340): CodeIgniter\CodeIgniter->handleRequest()
 9 SYSTEMPATH/Boot.php(417): CodeIgniter\CodeIgniter->run()
10 SYSTEMPATH/Boot.php(68): CodeIgniter\Boot::runCodeIgniter()
11 FCPATH/index.php(59): CodeIgniter\Boot::bootWeb()
12 SYSTEMPATH/rewrite.php(44): require_once('/home/ianjara/dossier_personnel/ITU/L2/s4/PROJET_REGIME/public/index.php')
CRITICAL - 2026-05-10 02:43:54 --> [Caused by] mysqli_sql_exception: Table 'Regime_DB.v_commande_regime' doesn't exist
in SYSTEMPATH/Database/MySQLi/Connection.php on line 300.
 1 SYSTEMPATH/Database/MySQLi/Connection.php(300): mysqli->query()
 2 SYSTEMPATH/Database/BaseConnection.php(910): CodeIgniter\Database\MySQLi\Connection->execute()
 3 SYSTEMPATH/Database/BaseConnection.php(827): CodeIgniter\Database\BaseConnection->simpleQuery()
 4 SYSTEMPATH/Database/BaseBuilder.php(1649): CodeIgniter\Database\BaseConnection->query()
 5 APPPATH/Models/CommandeModel.php(52): CodeIgniter\Database\BaseBuilder->get()
 6 APPPATH/Controllers/RegimeController.php(310): App\Models\CommandeModel->getPurchasedRegimesByUserId()
 7 SYSTEMPATH/CodeIgniter.php(951): App\Controllers\RegimeController->myRegimes()
 8 SYSTEMPATH/CodeIgniter.php(497): CodeIgniter\CodeIgniter->runController()
 9 SYSTEMPATH/CodeIgniter.php(340): CodeIgniter\CodeIgniter->handleRequest()
10 SYSTEMPATH/Boot.php(417): CodeIgniter\CodeIgniter->run()
11 SYSTEMPATH/Boot.php(68): CodeIgniter\Boot::runCodeIgniter()
12 FCPATH/index.php(59): CodeIgniter\Boot::bootWeb()
13 SYSTEMPATH/rewrite.php(44): require_once('/home/ianjara/dossier_personnel/ITU/L2/s4/PROJET_REGIME/public/index.php')
ERROR - 2026-05-10 02:44:01 --> Table 'Regime_DB.v_regime_duree' doesn't exist
in SYSTEMPATH/Database/MySQLi/Connection.php on line 300.
 1 SYSTEMPATH/Database/MySQLi/Connection.php(300): mysqli->query()
 2 SYSTEMPATH/Database/BaseConnection.php(910): CodeIgniter\Database\MySQLi\Connection->execute()
 3 SYSTEMPATH/Database/BaseConnection.php(827): CodeIgniter\Database\BaseConnection->simpleQuery()
 4 SYSTEMPATH/Database/BaseBuilder.php(1649): CodeIgniter\Database\BaseConnection->query()
 5 APPPATH/Models/RegimeModel.php(118): CodeIgniter\Database\BaseBuilder->get()
 6 APPPATH/Controllers/RegimeController.php(47): App\Models\RegimeModel->getFilteredList()
 7 SYSTEMPATH/CodeIgniter.php(951): App\Controllers\RegimeController->index()
 8 SYSTEMPATH/CodeIgniter.php(497): CodeIgniter\CodeIgniter->runController()
 9 SYSTEMPATH/CodeIgniter.php(340): CodeIgniter\CodeIgniter->handleRequest()
10 SYSTEMPATH/Boot.php(417): CodeIgniter\CodeIgniter->run()
11 SYSTEMPATH/Boot.php(68): CodeIgniter\Boot::runCodeIgniter()
12 FCPATH/index.php(59): CodeIgniter\Boot::bootWeb()
13 SYSTEMPATH/rewrite.php(44): require_once('/home/ianjara/dossier_personnel/ITU/L2/s4/PROJET_REGIME/public/index.php')
CRITICAL - 2026-05-10 02:44:01 --> CodeIgniter\Database\Exceptions\DatabaseException: Table 'Regime_DB.v_regime_duree' doesn't exist
[Method: GET, Route: regimes]
in SYSTEMPATH/Database/BaseConnection.php on line 865.
 1 SYSTEMPATH/Database/BaseBuilder.php(1649): CodeIgniter\Database\BaseConnection->query()
 2 APPPATH/Models/RegimeModel.php(118): CodeIgniter\Database\BaseBuilder->get()
 3 APPPATH/Controllers/RegimeController.php(47): App\Models\RegimeModel->getFilteredList()
 4 SYSTEMPATH/CodeIgniter.php(951): App\Controllers\RegimeController->index()
 5 SYSTEMPATH/CodeIgniter.php(497): CodeIgniter\CodeIgniter->runController()
 6 SYSTEMPATH/CodeIgniter.php(340): CodeIgniter\CodeIgniter->handleRequest()
 7 SYSTEMPATH/Boot.php(417): CodeIgniter\CodeIgniter->run()
 8 SYSTEMPATH/Boot.php(68): CodeIgniter\Boot::runCodeIgniter()
 9 FCPATH/index.php(59): CodeIgniter\Boot::bootWeb()
10 SYSTEMPATH/rewrite.php(44): require_once('/home/ianjara/dossier_personnel/ITU/L2/s4/PROJET_REGIME/public/index.php')
CRITICAL - 2026-05-10 02:44:01 --> [Caused by] CodeIgniter\Database\Exceptions\DatabaseException: Table 'Regime_DB.v_regime_duree' doesn't exist
in SYSTEMPATH/Database/MySQLi/Connection.php on line 310.
 1 SYSTEMPATH/Database/BaseConnection.php(910): CodeIgniter\Database\MySQLi\Connection->execute()
 2 SYSTEMPATH/Database/BaseConnection.php(827): CodeIgniter\Database\BaseConnection->simpleQuery()
 3 SYSTEMPATH/Database/BaseBuilder.php(1649): CodeIgniter\Database\BaseConnection->query()
 4 APPPATH/Models/RegimeModel.php(118): CodeIgniter\Database\BaseBuilder->get()
 5 APPPATH/Controllers/RegimeController.php(47): App\Models\RegimeModel->getFilteredList()
 6 SYSTEMPATH/CodeIgniter.php(951): App\Controllers\RegimeController->index()
 7 SYSTEMPATH/CodeIgniter.php(497): CodeIgniter\CodeIgniter->runController()
 8 SYSTEMPATH/CodeIgniter.php(340): CodeIgniter\CodeIgniter->handleRequest()
 9 SYSTEMPATH/Boot.php(417): CodeIgniter\CodeIgniter->run()
10 SYSTEMPATH/Boot.php(68): CodeIgniter\Boot::runCodeIgniter()
11 FCPATH/index.php(59): CodeIgniter\Boot::bootWeb()
12 SYSTEMPATH/rewrite.php(44): require_once('/home/ianjara/dossier_personnel/ITU/L2/s4/PROJET_REGIME/public/index.php')
CRITICAL - 2026-05-10 02:44:01 --> [Caused by] mysqli_sql_exception: Table 'Regime_DB.v_regime_duree' doesn't exist
in SYSTEMPATH/Database/MySQLi/Connection.php on line 300.
 1 SYSTEMPATH/Database/MySQLi/Connection.php(300): mysqli->query()
 2 SYSTEMPATH/Database/BaseConnection.php(910): CodeIgniter\Database\MySQLi\Connection->execute()
 3 SYSTEMPATH/Database/BaseConnection.php(827): CodeIgniter\Database\BaseConnection->simpleQuery()
 4 SYSTEMPATH/Database/BaseBuilder.php(1649): CodeIgniter\Database\BaseConnection->query()
 5 APPPATH/Models/RegimeModel.php(118): CodeIgniter\Database\BaseBuilder->get()
 6 APPPATH/Controllers/RegimeController.php(47): App\Models\RegimeModel->getFilteredList()
 7 SYSTEMPATH/CodeIgniter.php(951): App\Controllers\RegimeController->index()
 8 SYSTEMPATH/CodeIgniter.php(497): CodeIgniter\CodeIgniter->runController()
 9 SYSTEMPATH/CodeIgniter.php(340): CodeIgniter\CodeIgniter->handleRequest()
10 SYSTEMPATH/Boot.php(417): CodeIgniter\CodeIgniter->run()
11 SYSTEMPATH/Boot.php(68): CodeIgniter\Boot::runCodeIgniter()
12 FCPATH/index.php(59): CodeIgniter\Boot::bootWeb()
13 SYSTEMPATH/rewrite.php(44): require_once('/home/ianjara/dossier_personnel/ITU/L2/s4/PROJET_REGIME/public/index.php')
ERROR - 2026-05-10 02:46:15 --> Table 'Regime_DB.v_regime_duree' doesn't exist
in SYSTEMPATH/Database/MySQLi/Connection.php on line 300.
 1 SYSTEMPATH/Database/MySQLi/Connection.php(300): mysqli->query()
 2 SYSTEMPATH/Database/BaseConnection.php(910): CodeIgniter\Database\MySQLi\Connection->execute()
 3 SYSTEMPATH/Database/BaseConnection.php(827): CodeIgniter\Database\BaseConnection->simpleQuery()
 4 SYSTEMPATH/Database/BaseBuilder.php(1649): CodeIgniter\Database\BaseConnection->query()
 5 APPPATH/Models/RegimeModel.php(118): CodeIgniter\Database\BaseBuilder->get()
 6 APPPATH/Controllers/RegimeController.php(47): App\Models\RegimeModel->getFilteredList()
 7 SYSTEMPATH/CodeIgniter.php(951): App\Controllers\RegimeController->index()
 8 SYSTEMPATH/CodeIgniter.php(497): CodeIgniter\CodeIgniter->runController()
 9 SYSTEMPATH/CodeIgniter.php(340): CodeIgniter\CodeIgniter->handleRequest()
10 SYSTEMPATH/Boot.php(417): CodeIgniter\CodeIgniter->run()
11 SYSTEMPATH/Boot.php(68): CodeIgniter\Boot::runCodeIgniter()
12 FCPATH/index.php(59): CodeIgniter\Boot::bootWeb()
13 SYSTEMPATH/rewrite.php(44): require_once('/home/ianjara/dossier_personnel/ITU/L2/s4/PROJET_REGIME/public/index.php')
CRITICAL - 2026-05-10 02:46:15 --> CodeIgniter\Database\Exceptions\DatabaseException: Table 'Regime_DB.v_regime_duree' doesn't exist
[Method: GET, Route: regimes]
in SYSTEMPATH/Database/BaseConnection.php on line 865.
 1 SYSTEMPATH/Database/BaseBuilder.php(1649): CodeIgniter\Database\BaseConnection->query()
 2 APPPATH/Models/RegimeModel.php(118): CodeIgniter\Database\BaseBuilder->get()
 3 APPPATH/Controllers/RegimeController.php(47): App\Models\RegimeModel->getFilteredList()
 4 SYSTEMPATH/CodeIgniter.php(951): App\Controllers\RegimeController->index()
 5 SYSTEMPATH/CodeIgniter.php(497): CodeIgniter\CodeIgniter->runController()
 6 SYSTEMPATH/CodeIgniter.php(340): CodeIgniter\CodeIgniter->handleRequest()
 7 SYSTEMPATH/Boot.php(417): CodeIgniter\CodeIgniter->run()
 8 SYSTEMPATH/Boot.php(68): CodeIgniter\Boot::runCodeIgniter()
 9 FCPATH/index.php(59): CodeIgniter\Boot::bootWeb()
10 SYSTEMPATH/rewrite.php(44): require_once('/home/ianjara/dossier_personnel/ITU/L2/s4/PROJET_REGIME/public/index.php')
CRITICAL - 2026-05-10 02:46:15 --> [Caused by] CodeIgniter\Database\Exceptions\DatabaseException: Table 'Regime_DB.v_regime_duree' doesn't exist
in SYSTEMPATH/Database/MySQLi/Connection.php on line 310.
 1 SYSTEMPATH/Database/BaseConnection.php(910): CodeIgniter\Database\MySQLi\Connection->execute()
 2 SYSTEMPATH/Database/BaseConnection.php(827): CodeIgniter\Database\BaseConnection->simpleQuery()
 3 SYSTEMPATH/Database/BaseBuilder.php(1649): CodeIgniter\Database\BaseConnection->query()
 4 APPPATH/Models/RegimeModel.php(118): CodeIgniter\Database\BaseBuilder->get()
 5 APPPATH/Controllers/RegimeController.php(47): App\Models\RegimeModel->getFilteredList()
 6 SYSTEMPATH/CodeIgniter.php(951): App\Controllers\RegimeController->index()
 7 SYSTEMPATH/CodeIgniter.php(497): CodeIgniter\CodeIgniter->runController()
 8 SYSTEMPATH/CodeIgniter.php(340): CodeIgniter\CodeIgniter->handleRequest()
 9 SYSTEMPATH/Boot.php(417): CodeIgniter\CodeIgniter->run()
10 SYSTEMPATH/Boot.php(68): CodeIgniter\Boot::runCodeIgniter()
11 FCPATH/index.php(59): CodeIgniter\Boot::bootWeb()
12 SYSTEMPATH/rewrite.php(44): require_once('/home/ianjara/dossier_personnel/ITU/L2/s4/PROJET_REGIME/public/index.php')
CRITICAL - 2026-05-10 02:46:15 --> [Caused by] mysqli_sql_exception: Table 'Regime_DB.v_regime_duree' doesn't exist
in SYSTEMPATH/Database/MySQLi/Connection.php on line 300.
 1 SYSTEMPATH/Database/MySQLi/Connection.php(300): mysqli->query()
 2 SYSTEMPATH/Database/BaseConnection.php(910): CodeIgniter\Database\MySQLi\Connection->execute()
 3 SYSTEMPATH/Database/BaseConnection.php(827): CodeIgniter\Database\BaseConnection->simpleQuery()
 4 SYSTEMPATH/Database/BaseBuilder.php(1649): CodeIgniter\Database\BaseConnection->query()
 5 APPPATH/Models/RegimeModel.php(118): CodeIgniter\Database\BaseBuilder->get()
 6 APPPATH/Controllers/RegimeController.php(47): App\Models\RegimeModel->getFilteredList()
 7 SYSTEMPATH/CodeIgniter.php(951): App\Controllers\RegimeController->index()
 8 SYSTEMPATH/CodeIgniter.php(497): CodeIgniter\CodeIgniter->runController()
 9 SYSTEMPATH/CodeIgniter.php(340): CodeIgniter\CodeIgniter->handleRequest()
10 SYSTEMPATH/Boot.php(417): CodeIgniter\CodeIgniter->run()
11 SYSTEMPATH/Boot.php(68): CodeIgniter\Boot::runCodeIgniter()
12 FCPATH/index.php(59): CodeIgniter\Boot::bootWeb()
13 SYSTEMPATH/rewrite.php(44): require_once('/home/ianjara/dossier_personnel/ITU/L2/s4/PROJET_REGIME/public/index.php')
ERROR - 2026-05-10 02:46:19 --> Table 'Regime_DB.v_commande_regime' doesn't exist
in SYSTEMPATH/Database/MySQLi/Connection.php on line 300.
 1 SYSTEMPATH/Database/MySQLi/Connection.php(300): mysqli->query()
 2 SYSTEMPATH/Database/BaseConnection.php(910): CodeIgniter\Database\MySQLi\Connection->execute()
 3 SYSTEMPATH/Database/BaseConnection.php(827): CodeIgniter\Database\BaseConnection->simpleQuery()
 4 SYSTEMPATH/Database/BaseBuilder.php(1649): CodeIgniter\Database\BaseConnection->query()
 5 APPPATH/Models/CommandeModel.php(52): CodeIgniter\Database\BaseBuilder->get()
 6 APPPATH/Controllers/RegimeController.php(310): App\Models\CommandeModel->getPurchasedRegimesByUserId()
 7 SYSTEMPATH/CodeIgniter.php(951): App\Controllers\RegimeController->myRegimes()
 8 SYSTEMPATH/CodeIgniter.php(497): CodeIgniter\CodeIgniter->runController()
 9 SYSTEMPATH/CodeIgniter.php(340): CodeIgniter\CodeIgniter->handleRequest()
10 SYSTEMPATH/Boot.php(417): CodeIgniter\CodeIgniter->run()
11 SYSTEMPATH/Boot.php(68): CodeIgniter\Boot::runCodeIgniter()
12 FCPATH/index.php(59): CodeIgniter\Boot::bootWeb()
13 SYSTEMPATH/rewrite.php(44): require_once('/home/ianjara/dossier_personnel/ITU/L2/s4/PROJET_REGIME/public/index.php')
CRITICAL - 2026-05-10 02:46:19 --> CodeIgniter\Database\Exceptions\DatabaseException: Table 'Regime_DB.v_commande_regime' doesn't exist
[Method: GET, Route: mes-regimes]
in SYSTEMPATH/Database/BaseConnection.php on line 865.
 1 SYSTEMPATH/Database/BaseBuilder.php(1649): CodeIgniter\Database\BaseConnection->query()
 2 APPPATH/Models/CommandeModel.php(52): CodeIgniter\Database\BaseBuilder->get()
 3 APPPATH/Controllers/RegimeController.php(310): App\Models\CommandeModel->getPurchasedRegimesByUserId()
 4 SYSTEMPATH/CodeIgniter.php(951): App\Controllers\RegimeController->myRegimes()
 5 SYSTEMPATH/CodeIgniter.php(497): CodeIgniter\CodeIgniter->runController()
 6 SYSTEMPATH/CodeIgniter.php(340): CodeIgniter\CodeIgniter->handleRequest()
 7 SYSTEMPATH/Boot.php(417): CodeIgniter\CodeIgniter->run()
 8 SYSTEMPATH/Boot.php(68): CodeIgniter\Boot::runCodeIgniter()
 9 FCPATH/index.php(59): CodeIgniter\Boot::bootWeb()
10 SYSTEMPATH/rewrite.php(44): require_once('/home/ianjara/dossier_personnel/ITU/L2/s4/PROJET_REGIME/public/index.php')
CRITICAL - 2026-05-10 02:46:19 --> [Caused by] CodeIgniter\Database\Exceptions\DatabaseException: Table 'Regime_DB.v_commande_regime' doesn't exist
in SYSTEMPATH/Database/MySQLi/Connection.php on line 310.
 1 SYSTEMPATH/Database/BaseConnection.php(910): CodeIgniter\Database\MySQLi\Connection->execute()
 2 SYSTEMPATH/Database/BaseConnection.php(827): CodeIgniter\Database\BaseConnection->simpleQuery()
 3 SYSTEMPATH/Database/BaseBuilder.php(1649): CodeIgniter\Database\BaseConnection->query()
 4 APPPATH/Models/CommandeModel.php(52): CodeIgniter\Database\BaseBuilder->get()
 5 APPPATH/Controllers/RegimeController.php(310): App\Models\CommandeModel->getPurchasedRegimesByUserId()
 6 SYSTEMPATH/CodeIgniter.php(951): App\Controllers\RegimeController->myRegimes()
 7 SYSTEMPATH/CodeIgniter.php(497): CodeIgniter\CodeIgniter->runController()
 8 SYSTEMPATH/CodeIgniter.php(340): CodeIgniter\CodeIgniter->handleRequest()
 9 SYSTEMPATH/Boot.php(417): CodeIgniter\CodeIgniter->run()
10 SYSTEMPATH/Boot.php(68): CodeIgniter\Boot::runCodeIgniter()
11 FCPATH/index.php(59): CodeIgniter\Boot::bootWeb()
12 SYSTEMPATH/rewrite.php(44): require_once('/home/ianjara/dossier_personnel/ITU/L2/s4/PROJET_REGIME/public/index.php')
CRITICAL - 2026-05-10 02:46:19 --> [Caused by] mysqli_sql_exception: Table 'Regime_DB.v_commande_regime' doesn't exist
in SYSTEMPATH/Database/MySQLi/Connection.php on line 300.
 1 SYSTEMPATH/Database/MySQLi/Connection.php(300): mysqli->query()
 2 SYSTEMPATH/Database/BaseConnection.php(910): CodeIgniter\Database\MySQLi\Connection->execute()
 3 SYSTEMPATH/Database/BaseConnection.php(827): CodeIgniter\Database\BaseConnection->simpleQuery()
 4 SYSTEMPATH/Database/BaseBuilder.php(1649): CodeIgniter\Database\BaseConnection->query()
 5 APPPATH/Models/CommandeModel.php(52): CodeIgniter\Database\BaseBuilder->get()
 6 APPPATH/Controllers/RegimeController.php(310): App\Models\CommandeModel->getPurchasedRegimesByUserId()
 7 SYSTEMPATH/CodeIgniter.php(951): App\Controllers\RegimeController->myRegimes()
 8 SYSTEMPATH/CodeIgniter.php(497): CodeIgniter\CodeIgniter->runController()
 9 SYSTEMPATH/CodeIgniter.php(340): CodeIgniter\CodeIgniter->handleRequest()
10 SYSTEMPATH/Boot.php(417): CodeIgniter\CodeIgniter->run()
11 SYSTEMPATH/Boot.php(68): CodeIgniter\Boot::runCodeIgniter()
12 FCPATH/index.php(59): CodeIgniter\Boot::bootWeb()
13 SYSTEMPATH/rewrite.php(44): require_once('/home/ianjara/dossier_personnel/ITU/L2/s4/PROJET_REGIME/public/index.php')
ERROR - 2026-05-10 02:49:46 --> Table 'Regime_DB.v_commande_regime' doesn't exist
in SYSTEMPATH/Database/MySQLi/Connection.php on line 300.
 1 SYSTEMPATH/Database/MySQLi/Connection.php(300): mysqli->query()
 2 SYSTEMPATH/Database/BaseConnection.php(910): CodeIgniter\Database\MySQLi\Connection->execute()
 3 SYSTEMPATH/Database/BaseConnection.php(827): CodeIgniter\Database\BaseConnection->simpleQuery()
 4 SYSTEMPATH/Database/BaseBuilder.php(1649): CodeIgniter\Database\BaseConnection->query()
 5 APPPATH/Models/CommandeModel.php(52): CodeIgniter\Database\BaseBuilder->get()
 6 APPPATH/Controllers/RegimeController.php(310): App\Models\CommandeModel->getPurchasedRegimesByUserId()
 7 SYSTEMPATH/CodeIgniter.php(951): App\Controllers\RegimeController->myRegimes()
 8 SYSTEMPATH/CodeIgniter.php(497): CodeIgniter\CodeIgniter->runController()
 9 SYSTEMPATH/CodeIgniter.php(340): CodeIgniter\CodeIgniter->handleRequest()
10 SYSTEMPATH/Boot.php(417): CodeIgniter\CodeIgniter->run()
11 SYSTEMPATH/Boot.php(68): CodeIgniter\Boot::runCodeIgniter()
12 FCPATH/index.php(59): CodeIgniter\Boot::bootWeb()
13 SYSTEMPATH/rewrite.php(44): require_once('/home/ianjara/dossier_personnel/ITU/L2/s4/PROJET_REGIME/public/index.php')
CRITICAL - 2026-05-10 02:49:46 --> CodeIgniter\Database\Exceptions\DatabaseException: Table 'Regime_DB.v_commande_regime' doesn't exist
[Method: GET, Route: mes-regimes]
in SYSTEMPATH/Database/BaseConnection.php on line 865.
 1 SYSTEMPATH/Database/BaseBuilder.php(1649): CodeIgniter\Database\BaseConnection->query()
 2 APPPATH/Models/CommandeModel.php(52): CodeIgniter\Database\BaseBuilder->get()
 3 APPPATH/Controllers/RegimeController.php(310): App\Models\CommandeModel->getPurchasedRegimesByUserId()
 4 SYSTEMPATH/CodeIgniter.php(951): App\Controllers\RegimeController->myRegimes()
 5 SYSTEMPATH/CodeIgniter.php(497): CodeIgniter\CodeIgniter->runController()
 6 SYSTEMPATH/CodeIgniter.php(340): CodeIgniter\CodeIgniter->handleRequest()
 7 SYSTEMPATH/Boot.php(417): CodeIgniter\CodeIgniter->run()
 8 SYSTEMPATH/Boot.php(68): CodeIgniter\Boot::runCodeIgniter()
 9 FCPATH/index.php(59): CodeIgniter\Boot::bootWeb()
10 SYSTEMPATH/rewrite.php(44): require_once('/home/ianjara/dossier_personnel/ITU/L2/s4/PROJET_REGIME/public/index.php')
CRITICAL - 2026-05-10 02:49:46 --> [Caused by] CodeIgniter\Database\Exceptions\DatabaseException: Table 'Regime_DB.v_commande_regime' doesn't exist
in SYSTEMPATH/Database/MySQLi/Connection.php on line 310.
 1 SYSTEMPATH/Database/BaseConnection.php(910): CodeIgniter\Database\MySQLi\Connection->execute()
 2 SYSTEMPATH/Database/BaseConnection.php(827): CodeIgniter\Database\BaseConnection->simpleQuery()
 3 SYSTEMPATH/Database/BaseBuilder.php(1649): CodeIgniter\Database\BaseConnection->query()
 4 APPPATH/Models/CommandeModel.php(52): CodeIgniter\Database\BaseBuilder->get()
 5 APPPATH/Controllers/RegimeController.php(310): App\Models\CommandeModel->getPurchasedRegimesByUserId()
 6 SYSTEMPATH/CodeIgniter.php(951): App\Controllers\RegimeController->myRegimes()
 7 SYSTEMPATH/CodeIgniter.php(497): CodeIgniter\CodeIgniter->runController()
 8 SYSTEMPATH/CodeIgniter.php(340): CodeIgniter\CodeIgniter->handleRequest()
 9 SYSTEMPATH/Boot.php(417): CodeIgniter\CodeIgniter->run()
10 SYSTEMPATH/Boot.php(68): CodeIgniter\Boot::runCodeIgniter()
11 FCPATH/index.php(59): CodeIgniter\Boot::bootWeb()
12 SYSTEMPATH/rewrite.php(44): require_once('/home/ianjara/dossier_personnel/ITU/L2/s4/PROJET_REGIME/public/index.php')
CRITICAL - 2026-05-10 02:49:46 --> [Caused by] mysqli_sql_exception: Table 'Regime_DB.v_commande_regime' doesn't exist
in SYSTEMPATH/Database/MySQLi/Connection.php on line 300.
 1 SYSTEMPATH/Database/MySQLi/Connection.php(300): mysqli->query()
 2 SYSTEMPATH/Database/BaseConnection.php(910): CodeIgniter\Database\MySQLi\Connection->execute()
 3 SYSTEMPATH/Database/BaseConnection.php(827): CodeIgniter\Database\BaseConnection->simpleQuery()
 4 SYSTEMPATH/Database/BaseBuilder.php(1649): CodeIgniter\Database\BaseConnection->query()
 5 APPPATH/Models/CommandeModel.php(52): CodeIgniter\Database\BaseBuilder->get()
 6 APPPATH/Controllers/RegimeController.php(310): App\Models\CommandeModel->getPurchasedRegimesByUserId()
 7 SYSTEMPATH/CodeIgniter.php(951): App\Controllers\RegimeController->myRegimes()
 8 SYSTEMPATH/CodeIgniter.php(497): CodeIgniter\CodeIgniter->runController()
 9 SYSTEMPATH/CodeIgniter.php(340): CodeIgniter\CodeIgniter->handleRequest()
10 SYSTEMPATH/Boot.php(417): CodeIgniter\CodeIgniter->run()
11 SYSTEMPATH/Boot.php(68): CodeIgniter\Boot::runCodeIgniter()
12 FCPATH/index.php(59): CodeIgniter\Boot::bootWeb()
13 SYSTEMPATH/rewrite.php(44): require_once('/home/ianjara/dossier_personnel/ITU/L2/s4/PROJET_REGIME/public/index.php')
ERROR - 2026-05-10 02:49:51 --> Table 'Regime_DB.v_commande_regime' doesn't exist
in SYSTEMPATH/Database/MySQLi/Connection.php on line 300.
 1 SYSTEMPATH/Database/MySQLi/Connection.php(300): mysqli->query()
 2 SYSTEMPATH/Database/BaseConnection.php(910): CodeIgniter\Database\MySQLi\Connection->execute()
 3 SYSTEMPATH/Database/BaseConnection.php(827): CodeIgniter\Database\BaseConnection->simpleQuery()
 4 SYSTEMPATH/Database/BaseBuilder.php(1649): CodeIgniter\Database\BaseConnection->query()
 5 APPPATH/Models/CommandeModel.php(52): CodeIgniter\Database\BaseBuilder->get()
 6 APPPATH/Controllers/RegimeController.php(310): App\Models\CommandeModel->getPurchasedRegimesByUserId()
 7 SYSTEMPATH/CodeIgniter.php(951): App\Controllers\RegimeController->myRegimes()
 8 SYSTEMPATH/CodeIgniter.php(497): CodeIgniter\CodeIgniter->runController()
 9 SYSTEMPATH/CodeIgniter.php(340): CodeIgniter\CodeIgniter->handleRequest()
10 SYSTEMPATH/Boot.php(417): CodeIgniter\CodeIgniter->run()
11 SYSTEMPATH/Boot.php(68): CodeIgniter\Boot::runCodeIgniter()
12 FCPATH/index.php(59): CodeIgniter\Boot::bootWeb()
13 SYSTEMPATH/rewrite.php(44): require_once('/home/ianjara/dossier_personnel/ITU/L2/s4/PROJET_REGIME/public/index.php')
CRITICAL - 2026-05-10 02:49:51 --> CodeIgniter\Database\Exceptions\DatabaseException: Table 'Regime_DB.v_commande_regime' doesn't exist
[Method: GET, Route: mes-regimes]
in SYSTEMPATH/Database/BaseConnection.php on line 865.
 1 SYSTEMPATH/Database/BaseBuilder.php(1649): CodeIgniter\Database\BaseConnection->query()
 2 APPPATH/Models/CommandeModel.php(52): CodeIgniter\Database\BaseBuilder->get()
 3 APPPATH/Controllers/RegimeController.php(310): App\Models\CommandeModel->getPurchasedRegimesByUserId()
 4 SYSTEMPATH/CodeIgniter.php(951): App\Controllers\RegimeController->myRegimes()
 5 SYSTEMPATH/CodeIgniter.php(497): CodeIgniter\CodeIgniter->runController()
 6 SYSTEMPATH/CodeIgniter.php(340): CodeIgniter\CodeIgniter->handleRequest()
 7 SYSTEMPATH/Boot.php(417): CodeIgniter\CodeIgniter->run()
 8 SYSTEMPATH/Boot.php(68): CodeIgniter\Boot::runCodeIgniter()
 9 FCPATH/index.php(59): CodeIgniter\Boot::bootWeb()
10 SYSTEMPATH/rewrite.php(44): require_once('/home/ianjara/dossier_personnel/ITU/L2/s4/PROJET_REGIME/public/index.php')
CRITICAL - 2026-05-10 02:49:51 --> [Caused by] CodeIgniter\Database\Exceptions\DatabaseException: Table 'Regime_DB.v_commande_regime' doesn't exist
in SYSTEMPATH/Database/MySQLi/Connection.php on line 310.
 1 SYSTEMPATH/Database/BaseConnection.php(910): CodeIgniter\Database\MySQLi\Connection->execute()
 2 SYSTEMPATH/Database/BaseConnection.php(827): CodeIgniter\Database\BaseConnection->simpleQuery()
 3 SYSTEMPATH/Database/BaseBuilder.php(1649): CodeIgniter\Database\BaseConnection->query()
 4 APPPATH/Models/CommandeModel.php(52): CodeIgniter\Database\BaseBuilder->get()
 5 APPPATH/Controllers/RegimeController.php(310): App\Models\CommandeModel->getPurchasedRegimesByUserId()
 6 SYSTEMPATH/CodeIgniter.php(951): App\Controllers\RegimeController->myRegimes()
 7 SYSTEMPATH/CodeIgniter.php(497): CodeIgniter\CodeIgniter->runController()
 8 SYSTEMPATH/CodeIgniter.php(340): CodeIgniter\CodeIgniter->handleRequest()
 9 SYSTEMPATH/Boot.php(417): CodeIgniter\CodeIgniter->run()
10 SYSTEMPATH/Boot.php(68): CodeIgniter\Boot::runCodeIgniter()
11 FCPATH/index.php(59): CodeIgniter\Boot::bootWeb()
12 SYSTEMPATH/rewrite.php(44): require_once('/home/ianjara/dossier_personnel/ITU/L2/s4/PROJET_REGIME/public/index.php')
CRITICAL - 2026-05-10 02:49:51 --> [Caused by] mysqli_sql_exception: Table 'Regime_DB.v_commande_regime' doesn't exist
in SYSTEMPATH/Database/MySQLi/Connection.php on line 300.
 1 SYSTEMPATH/Database/MySQLi/Connection.php(300): mysqli->query()
 2 SYSTEMPATH/Database/BaseConnection.php(910): CodeIgniter\Database\MySQLi\Connection->execute()
 3 SYSTEMPATH/Database/BaseConnection.php(827): CodeIgniter\Database\BaseConnection->simpleQuery()
 4 SYSTEMPATH/Database/BaseBuilder.php(1649): CodeIgniter\Database\BaseConnection->query()
 5 APPPATH/Models/CommandeModel.php(52): CodeIgniter\Database\BaseBuilder->get()
 6 APPPATH/Controllers/RegimeController.php(310): App\Models\CommandeModel->getPurchasedRegimesByUserId()
 7 SYSTEMPATH/CodeIgniter.php(951): App\Controllers\RegimeController->myRegimes()
 8 SYSTEMPATH/CodeIgniter.php(497): CodeIgniter\CodeIgniter->runController()
 9 SYSTEMPATH/CodeIgniter.php(340): CodeIgniter\CodeIgniter->handleRequest()
10 SYSTEMPATH/Boot.php(417): CodeIgniter\CodeIgniter->run()
11 SYSTEMPATH/Boot.php(68): CodeIgniter\Boot::runCodeIgniter()
12 FCPATH/index.php(59): CodeIgniter\Boot::bootWeb()
13 SYSTEMPATH/rewrite.php(44): require_once('/home/ianjara/dossier_personnel/ITU/L2/s4/PROJET_REGIME/public/index.php')
ERROR - 2026-05-10 02:50:42 --> Table 'Regime_DB.v_commande_regime' doesn't exist
in SYSTEMPATH/Database/MySQLi/Connection.php on line 300.
 1 SYSTEMPATH/Database/MySQLi/Connection.php(300): mysqli->query()
 2 SYSTEMPATH/Database/BaseConnection.php(910): CodeIgniter\Database\MySQLi\Connection->execute()
 3 SYSTEMPATH/Database/BaseConnection.php(827): CodeIgniter\Database\BaseConnection->simpleQuery()
 4 SYSTEMPATH/Database/BaseBuilder.php(1649): CodeIgniter\Database\BaseConnection->query()
 5 APPPATH/Models/CommandeModel.php(52): CodeIgniter\Database\BaseBuilder->get()
 6 APPPATH/Controllers/RegimeController.php(310): App\Models\CommandeModel->getPurchasedRegimesByUserId()
 7 SYSTEMPATH/CodeIgniter.php(951): App\Controllers\RegimeController->myRegimes()
 8 SYSTEMPATH/CodeIgniter.php(497): CodeIgniter\CodeIgniter->runController()
 9 SYSTEMPATH/CodeIgniter.php(340): CodeIgniter\CodeIgniter->handleRequest()
10 SYSTEMPATH/Boot.php(417): CodeIgniter\CodeIgniter->run()
11 SYSTEMPATH/Boot.php(68): CodeIgniter\Boot::runCodeIgniter()
12 FCPATH/index.php(59): CodeIgniter\Boot::bootWeb()
13 SYSTEMPATH/rewrite.php(44): require_once('/home/ianjara/dossier_personnel/ITU/L2/s4/PROJET_REGIME/public/index.php')
CRITICAL - 2026-05-10 02:50:42 --> CodeIgniter\Database\Exceptions\DatabaseException: Table 'Regime_DB.v_commande_regime' doesn't exist
[Method: GET, Route: mes-regimes]
in SYSTEMPATH/Database/BaseConnection.php on line 865.
 1 SYSTEMPATH/Database/BaseBuilder.php(1649): CodeIgniter\Database\BaseConnection->query()
 2 APPPATH/Models/CommandeModel.php(52): CodeIgniter\Database\BaseBuilder->get()
 3 APPPATH/Controllers/RegimeController.php(310): App\Models\CommandeModel->getPurchasedRegimesByUserId()
 4 SYSTEMPATH/CodeIgniter.php(951): App\Controllers\RegimeController->myRegimes()
 5 SYSTEMPATH/CodeIgniter.php(497): CodeIgniter\CodeIgniter->runController()
 6 SYSTEMPATH/CodeIgniter.php(340): CodeIgniter\CodeIgniter->handleRequest()
 7 SYSTEMPATH/Boot.php(417): CodeIgniter\CodeIgniter->run()
 8 SYSTEMPATH/Boot.php(68): CodeIgniter\Boot::runCodeIgniter()
 9 FCPATH/index.php(59): CodeIgniter\Boot::bootWeb()
10 SYSTEMPATH/rewrite.php(44): require_once('/home/ianjara/dossier_personnel/ITU/L2/s4/PROJET_REGIME/public/index.php')
CRITICAL - 2026-05-10 02:50:42 --> [Caused by] CodeIgniter\Database\Exceptions\DatabaseException: Table 'Regime_DB.v_commande_regime' doesn't exist
in SYSTEMPATH/Database/MySQLi/Connection.php on line 310.
 1 SYSTEMPATH/Database/BaseConnection.php(910): CodeIgniter\Database\MySQLi\Connection->execute()
 2 SYSTEMPATH/Database/BaseConnection.php(827): CodeIgniter\Database\BaseConnection->simpleQuery()
 3 SYSTEMPATH/Database/BaseBuilder.php(1649): CodeIgniter\Database\BaseConnection->query()
 4 APPPATH/Models/CommandeModel.php(52): CodeIgniter\Database\BaseBuilder->get()
 5 APPPATH/Controllers/RegimeController.php(310): App\Models\CommandeModel->getPurchasedRegimesByUserId()
 6 SYSTEMPATH/CodeIgniter.php(951): App\Controllers\RegimeController->myRegimes()
 7 SYSTEMPATH/CodeIgniter.php(497): CodeIgniter\CodeIgniter->runController()
 8 SYSTEMPATH/CodeIgniter.php(340): CodeIgniter\CodeIgniter->handleRequest()
 9 SYSTEMPATH/Boot.php(417): CodeIgniter\CodeIgniter->run()
10 SYSTEMPATH/Boot.php(68): CodeIgniter\Boot::runCodeIgniter()
11 FCPATH/index.php(59): CodeIgniter\Boot::bootWeb()
12 SYSTEMPATH/rewrite.php(44): require_once('/home/ianjara/dossier_personnel/ITU/L2/s4/PROJET_REGIME/public/index.php')
CRITICAL - 2026-05-10 02:50:42 --> [Caused by] mysqli_sql_exception: Table 'Regime_DB.v_commande_regime' doesn't exist
in SYSTEMPATH/Database/MySQLi/Connection.php on line 300.
 1 SYSTEMPATH/Database/MySQLi/Connection.php(300): mysqli->query()
 2 SYSTEMPATH/Database/BaseConnection.php(910): CodeIgniter\Database\MySQLi\Connection->execute()
 3 SYSTEMPATH/Database/BaseConnection.php(827): CodeIgniter\Database\BaseConnection->simpleQuery()
 4 SYSTEMPATH/Database/BaseBuilder.php(1649): CodeIgniter\Database\BaseConnection->query()
 5 APPPATH/Models/CommandeModel.php(52): CodeIgniter\Database\BaseBuilder->get()
 6 APPPATH/Controllers/RegimeController.php(310): App\Models\CommandeModel->getPurchasedRegimesByUserId()
 7 SYSTEMPATH/CodeIgniter.php(951): App\Controllers\RegimeController->myRegimes()
 8 SYSTEMPATH/CodeIgniter.php(497): CodeIgniter\CodeIgniter->runController()
 9 SYSTEMPATH/CodeIgniter.php(340): CodeIgniter\CodeIgniter->handleRequest()
10 SYSTEMPATH/Boot.php(417): CodeIgniter\CodeIgniter->run()
11 SYSTEMPATH/Boot.php(68): CodeIgniter\Boot::runCodeIgniter()
12 FCPATH/index.php(59): CodeIgniter\Boot::bootWeb()
13 SYSTEMPATH/rewrite.php(44): require_once('/home/ianjara/dossier_personnel/ITU/L2/s4/PROJET_REGIME/public/index.php')
ERROR - 2026-05-10 02:50:48 --> Table 'Regime_DB.v_regime_duree' doesn't exist
in SYSTEMPATH/Database/MySQLi/Connection.php on line 300.
 1 SYSTEMPATH/Database/MySQLi/Connection.php(300): mysqli->query()
 2 SYSTEMPATH/Database/BaseConnection.php(910): CodeIgniter\Database\MySQLi\Connection->execute()
 3 SYSTEMPATH/Database/BaseConnection.php(827): CodeIgniter\Database\BaseConnection->simpleQuery()
 4 SYSTEMPATH/Database/BaseBuilder.php(1649): CodeIgniter\Database\BaseConnection->query()
 5 APPPATH/Models/RegimeModel.php(118): CodeIgniter\Database\BaseBuilder->get()
 6 APPPATH/Controllers/RegimeController.php(47): App\Models\RegimeModel->getFilteredList()
 7 SYSTEMPATH/CodeIgniter.php(951): App\Controllers\RegimeController->index()
 8 SYSTEMPATH/CodeIgniter.php(497): CodeIgniter\CodeIgniter->runController()
 9 SYSTEMPATH/CodeIgniter.php(340): CodeIgniter\CodeIgniter->handleRequest()
10 SYSTEMPATH/Boot.php(417): CodeIgniter\CodeIgniter->run()
11 SYSTEMPATH/Boot.php(68): CodeIgniter\Boot::runCodeIgniter()
12 FCPATH/index.php(59): CodeIgniter\Boot::bootWeb()
13 SYSTEMPATH/rewrite.php(44): require_once('/home/ianjara/dossier_personnel/ITU/L2/s4/PROJET_REGIME/public/index.php')
CRITICAL - 2026-05-10 02:50:48 --> CodeIgniter\Database\Exceptions\DatabaseException: Table 'Regime_DB.v_regime_duree' doesn't exist
[Method: GET, Route: regimes]
in SYSTEMPATH/Database/BaseConnection.php on line 865.
 1 SYSTEMPATH/Database/BaseBuilder.php(1649): CodeIgniter\Database\BaseConnection->query()
 2 APPPATH/Models/RegimeModel.php(118): CodeIgniter\Database\BaseBuilder->get()
 3 APPPATH/Controllers/RegimeController.php(47): App\Models\RegimeModel->getFilteredList()
 4 SYSTEMPATH/CodeIgniter.php(951): App\Controllers\RegimeController->index()
 5 SYSTEMPATH/CodeIgniter.php(497): CodeIgniter\CodeIgniter->runController()
 6 SYSTEMPATH/CodeIgniter.php(340): CodeIgniter\CodeIgniter->handleRequest()
 7 SYSTEMPATH/Boot.php(417): CodeIgniter\CodeIgniter->run()
 8 SYSTEMPATH/Boot.php(68): CodeIgniter\Boot::runCodeIgniter()
 9 FCPATH/index.php(59): CodeIgniter\Boot::bootWeb()
10 SYSTEMPATH/rewrite.php(44): require_once('/home/ianjara/dossier_personnel/ITU/L2/s4/PROJET_REGIME/public/index.php')
CRITICAL - 2026-05-10 02:50:48 --> [Caused by] CodeIgniter\Database\Exceptions\DatabaseException: Table 'Regime_DB.v_regime_duree' doesn't exist
in SYSTEMPATH/Database/MySQLi/Connection.php on line 310.
 1 SYSTEMPATH/Database/BaseConnection.php(910): CodeIgniter\Database\MySQLi\Connection->execute()
 2 SYSTEMPATH/Database/BaseConnection.php(827): CodeIgniter\Database\BaseConnection->simpleQuery()
 3 SYSTEMPATH/Database/BaseBuilder.php(1649): CodeIgniter\Database\BaseConnection->query()
 4 APPPATH/Models/RegimeModel.php(118): CodeIgniter\Database\BaseBuilder->get()
 5 APPPATH/Controllers/RegimeController.php(47): App\Models\RegimeModel->getFilteredList()
 6 SYSTEMPATH/CodeIgniter.php(951): App\Controllers\RegimeController->index()
 7 SYSTEMPATH/CodeIgniter.php(497): CodeIgniter\CodeIgniter->runController()
 8 SYSTEMPATH/CodeIgniter.php(340): CodeIgniter\CodeIgniter->handleRequest()
 9 SYSTEMPATH/Boot.php(417): CodeIgniter\CodeIgniter->run()
10 SYSTEMPATH/Boot.php(68): CodeIgniter\Boot::runCodeIgniter()
11 FCPATH/index.php(59): CodeIgniter\Boot::bootWeb()
12 SYSTEMPATH/rewrite.php(44): require_once('/home/ianjara/dossier_personnel/ITU/L2/s4/PROJET_REGIME/public/index.php')
CRITICAL - 2026-05-10 02:50:48 --> [Caused by] mysqli_sql_exception: Table 'Regime_DB.v_regime_duree' doesn't exist
in SYSTEMPATH/Database/MySQLi/Connection.php on line 300.
 1 SYSTEMPATH/Database/MySQLi/Connection.php(300): mysqli->query()
 2 SYSTEMPATH/Database/BaseConnection.php(910): CodeIgniter\Database\MySQLi\Connection->execute()
 3 SYSTEMPATH/Database/BaseConnection.php(827): CodeIgniter\Database\BaseConnection->simpleQuery()
 4 SYSTEMPATH/Database/BaseBuilder.php(1649): CodeIgniter\Database\BaseConnection->query()
 5 APPPATH/Models/RegimeModel.php(118): CodeIgniter\Database\BaseBuilder->get()
 6 APPPATH/Controllers/RegimeController.php(47): App\Models\RegimeModel->getFilteredList()
 7 SYSTEMPATH/CodeIgniter.php(951): App\Controllers\RegimeController->index()
 8 SYSTEMPATH/CodeIgniter.php(497): CodeIgniter\CodeIgniter->runController()
 9 SYSTEMPATH/CodeIgniter.php(340): CodeIgniter\CodeIgniter->handleRequest()
10 SYSTEMPATH/Boot.php(417): CodeIgniter\CodeIgniter->run()
11 SYSTEMPATH/Boot.php(68): CodeIgniter\Boot::runCodeIgniter()
12 FCPATH/index.php(59): CodeIgniter\Boot::bootWeb()
13 SYSTEMPATH/rewrite.php(44): require_once('/home/ianjara/dossier_personnel/ITU/L2/s4/PROJET_REGIME/public/index.php')
ERROR - 2026-05-10 02:55:12 --> Unknown column 'r.variation_mensuelle_kg' in 'field list'
in SYSTEMPATH/Database/MySQLi/Connection.php on line 300.
 1 SYSTEMPATH/Database/MySQLi/Connection.php(300): mysqli->query()
 2 SYSTEMPATH/Database/BaseConnection.php(910): CodeIgniter\Database\MySQLi\Connection->execute()
 3 SYSTEMPATH/Database/BaseConnection.php(827): CodeIgniter\Database\BaseConnection->simpleQuery()
 4 SYSTEMPATH/Database/BaseBuilder.php(1649): CodeIgniter\Database\BaseConnection->query()
 5 APPPATH/Models/RegimeModel.php(119): CodeIgniter\Database\BaseBuilder->get()
 6 APPPATH/Controllers/RegimeController.php(47): App\Models\RegimeModel->getFilteredList()
 7 SYSTEMPATH/CodeIgniter.php(951): App\Controllers\RegimeController->index()
 8 SYSTEMPATH/CodeIgniter.php(497): CodeIgniter\CodeIgniter->runController()
 9 SYSTEMPATH/CodeIgniter.php(340): CodeIgniter\CodeIgniter->handleRequest()
10 SYSTEMPATH/Boot.php(417): CodeIgniter\CodeIgniter->run()
11 SYSTEMPATH/Boot.php(68): CodeIgniter\Boot::runCodeIgniter()
12 FCPATH/index.php(59): CodeIgniter\Boot::bootWeb()
13 SYSTEMPATH/rewrite.php(44): require_once('/home/ianjara/dossier_personnel/ITU/L2/s4/PROJET_REGIME/public/index.php')
CRITICAL - 2026-05-10 02:55:12 --> CodeIgniter\Database\Exceptions\DatabaseException: Unknown column 'r.variation_mensuelle_kg' in 'field list'
[Method: GET, Route: regimes]
in SYSTEMPATH/Database/BaseConnection.php on line 865.
 1 SYSTEMPATH/Database/BaseBuilder.php(1649): CodeIgniter\Database\BaseConnection->query()
 2 APPPATH/Models/RegimeModel.php(119): CodeIgniter\Database\BaseBuilder->get()
 3 APPPATH/Controllers/RegimeController.php(47): App\Models\RegimeModel->getFilteredList()
 4 SYSTEMPATH/CodeIgniter.php(951): App\Controllers\RegimeController->index()
 5 SYSTEMPATH/CodeIgniter.php(497): CodeIgniter\CodeIgniter->runController()
 6 SYSTEMPATH/CodeIgniter.php(340): CodeIgniter\CodeIgniter->handleRequest()
 7 SYSTEMPATH/Boot.php(417): CodeIgniter\CodeIgniter->run()
 8 SYSTEMPATH/Boot.php(68): CodeIgniter\Boot::runCodeIgniter()
 9 FCPATH/index.php(59): CodeIgniter\Boot::bootWeb()
10 SYSTEMPATH/rewrite.php(44): require_once('/home/ianjara/dossier_personnel/ITU/L2/s4/PROJET_REGIME/public/index.php')
CRITICAL - 2026-05-10 02:55:12 --> [Caused by] CodeIgniter\Database\Exceptions\DatabaseException: Unknown column 'r.variation_mensuelle_kg' in 'field list'
in SYSTEMPATH/Database/MySQLi/Connection.php on line 310.
 1 SYSTEMPATH/Database/BaseConnection.php(910): CodeIgniter\Database\MySQLi\Connection->execute()
 2 SYSTEMPATH/Database/BaseConnection.php(827): CodeIgniter\Database\BaseConnection->simpleQuery()
 3 SYSTEMPATH/Database/BaseBuilder.php(1649): CodeIgniter\Database\BaseConnection->query()
 4 APPPATH/Models/RegimeModel.php(119): CodeIgniter\Database\BaseBuilder->get()
 5 APPPATH/Controllers/RegimeController.php(47): App\Models\RegimeModel->getFilteredList()
 6 SYSTEMPATH/CodeIgniter.php(951): App\Controllers\RegimeController->index()
 7 SYSTEMPATH/CodeIgniter.php(497): CodeIgniter\CodeIgniter->runController()
 8 SYSTEMPATH/CodeIgniter.php(340): CodeIgniter\CodeIgniter->handleRequest()
 9 SYSTEMPATH/Boot.php(417): CodeIgniter\CodeIgniter->run()
10 SYSTEMPATH/Boot.php(68): CodeIgniter\Boot::runCodeIgniter()
11 FCPATH/index.php(59): CodeIgniter\Boot::bootWeb()
12 SYSTEMPATH/rewrite.php(44): require_once('/home/ianjara/dossier_personnel/ITU/L2/s4/PROJET_REGIME/public/index.php')
CRITICAL - 2026-05-10 02:55:12 --> [Caused by] mysqli_sql_exception: Unknown column 'r.variation_mensuelle_kg' in 'field list'
in SYSTEMPATH/Database/MySQLi/Connection.php on line 300.
 1 SYSTEMPATH/Database/MySQLi/Connection.php(300): mysqli->query()
 2 SYSTEMPATH/Database/BaseConnection.php(910): CodeIgniter\Database\MySQLi\Connection->execute()
 3 SYSTEMPATH/Database/BaseConnection.php(827): CodeIgniter\Database\BaseConnection->simpleQuery()
 4 SYSTEMPATH/Database/BaseBuilder.php(1649): CodeIgniter\Database\BaseConnection->query()
 5 APPPATH/Models/RegimeModel.php(119): CodeIgniter\Database\BaseBuilder->get()
 6 APPPATH/Controllers/RegimeController.php(47): App\Models\RegimeModel->getFilteredList()
 7 SYSTEMPATH/CodeIgniter.php(951): App\Controllers\RegimeController->index()
 8 SYSTEMPATH/CodeIgniter.php(497): CodeIgniter\CodeIgniter->runController()
 9 SYSTEMPATH/CodeIgniter.php(340): CodeIgniter\CodeIgniter->handleRequest()
10 SYSTEMPATH/Boot.php(417): CodeIgniter\CodeIgniter->run()
11 SYSTEMPATH/Boot.php(68): CodeIgniter\Boot::runCodeIgniter()
12 FCPATH/index.php(59): CodeIgniter\Boot::bootWeb()
13 SYSTEMPATH/rewrite.php(44): require_once('/home/ianjara/dossier_personnel/ITU/L2/s4/PROJET_REGIME/public/index.php')
ERROR - 2026-05-10 02:55:13 --> Unknown column 'r.variation_mensuelle_kg' in 'field list'
in SYSTEMPATH/Database/MySQLi/Connection.php on line 300.
 1 SYSTEMPATH/Database/MySQLi/Connection.php(300): mysqli->query()
 2 SYSTEMPATH/Database/BaseConnection.php(910): CodeIgniter\Database\MySQLi\Connection->execute()
 3 SYSTEMPATH/Database/BaseConnection.php(827): CodeIgniter\Database\BaseConnection->simpleQuery()
 4 SYSTEMPATH/Database/BaseBuilder.php(1649): CodeIgniter\Database\BaseConnection->query()
 5 APPPATH/Models/RegimeModel.php(119): CodeIgniter\Database\BaseBuilder->get()
 6 APPPATH/Controllers/RegimeController.php(47): App\Models\RegimeModel->getFilteredList()
 7 SYSTEMPATH/CodeIgniter.php(951): App\Controllers\RegimeController->index()
 8 SYSTEMPATH/CodeIgniter.php(497): CodeIgniter\CodeIgniter->runController()
 9 SYSTEMPATH/CodeIgniter.php(340): CodeIgniter\CodeIgniter->handleRequest()
10 SYSTEMPATH/Boot.php(417): CodeIgniter\CodeIgniter->run()
11 SYSTEMPATH/Boot.php(68): CodeIgniter\Boot::runCodeIgniter()
12 FCPATH/index.php(59): CodeIgniter\Boot::bootWeb()
13 SYSTEMPATH/rewrite.php(44): require_once('/home/ianjara/dossier_personnel/ITU/L2/s4/PROJET_REGIME/public/index.php')
CRITICAL - 2026-05-10 02:55:13 --> CodeIgniter\Database\Exceptions\DatabaseException: Unknown column 'r.variation_mensuelle_kg' in 'field list'
[Method: GET, Route: regimes]
in SYSTEMPATH/Database/BaseConnection.php on line 865.
 1 SYSTEMPATH/Database/BaseBuilder.php(1649): CodeIgniter\Database\BaseConnection->query()
 2 APPPATH/Models/RegimeModel.php(119): CodeIgniter\Database\BaseBuilder->get()
 3 APPPATH/Controllers/RegimeController.php(47): App\Models\RegimeModel->getFilteredList()
 4 SYSTEMPATH/CodeIgniter.php(951): App\Controllers\RegimeController->index()
 5 SYSTEMPATH/CodeIgniter.php(497): CodeIgniter\CodeIgniter->runController()
 6 SYSTEMPATH/CodeIgniter.php(340): CodeIgniter\CodeIgniter->handleRequest()
 7 SYSTEMPATH/Boot.php(417): CodeIgniter\CodeIgniter->run()
 8 SYSTEMPATH/Boot.php(68): CodeIgniter\Boot::runCodeIgniter()
 9 FCPATH/index.php(59): CodeIgniter\Boot::bootWeb()
10 SYSTEMPATH/rewrite.php(44): require_once('/home/ianjara/dossier_personnel/ITU/L2/s4/PROJET_REGIME/public/index.php')
CRITICAL - 2026-05-10 02:55:13 --> [Caused by] CodeIgniter\Database\Exceptions\DatabaseException: Unknown column 'r.variation_mensuelle_kg' in 'field list'
in SYSTEMPATH/Database/MySQLi/Connection.php on line 310.
 1 SYSTEMPATH/Database/BaseConnection.php(910): CodeIgniter\Database\MySQLi\Connection->execute()
 2 SYSTEMPATH/Database/BaseConnection.php(827): CodeIgniter\Database\BaseConnection->simpleQuery()
 3 SYSTEMPATH/Database/BaseBuilder.php(1649): CodeIgniter\Database\BaseConnection->query()
 4 APPPATH/Models/RegimeModel.php(119): CodeIgniter\Database\BaseBuilder->get()
 5 APPPATH/Controllers/RegimeController.php(47): App\Models\RegimeModel->getFilteredList()
 6 SYSTEMPATH/CodeIgniter.php(951): App\Controllers\RegimeController->index()
 7 SYSTEMPATH/CodeIgniter.php(497): CodeIgniter\CodeIgniter->runController()
 8 SYSTEMPATH/CodeIgniter.php(340): CodeIgniter\CodeIgniter->handleRequest()
 9 SYSTEMPATH/Boot.php(417): CodeIgniter\CodeIgniter->run()
10 SYSTEMPATH/Boot.php(68): CodeIgniter\Boot::runCodeIgniter()
11 FCPATH/index.php(59): CodeIgniter\Boot::bootWeb()
12 SYSTEMPATH/rewrite.php(44): require_once('/home/ianjara/dossier_personnel/ITU/L2/s4/PROJET_REGIME/public/index.php')
CRITICAL - 2026-05-10 02:55:13 --> [Caused by] mysqli_sql_exception: Unknown column 'r.variation_mensuelle_kg' in 'field list'
in SYSTEMPATH/Database/MySQLi/Connection.php on line 300.
 1 SYSTEMPATH/Database/MySQLi/Connection.php(300): mysqli->query()
 2 SYSTEMPATH/Database/BaseConnection.php(910): CodeIgniter\Database\MySQLi\Connection->execute()
 3 SYSTEMPATH/Database/BaseConnection.php(827): CodeIgniter\Database\BaseConnection->simpleQuery()
 4 SYSTEMPATH/Database/BaseBuilder.php(1649): CodeIgniter\Database\BaseConnection->query()
 5 APPPATH/Models/RegimeModel.php(119): CodeIgniter\Database\BaseBuilder->get()
 6 APPPATH/Controllers/RegimeController.php(47): App\Models\RegimeModel->getFilteredList()
 7 SYSTEMPATH/CodeIgniter.php(951): App\Controllers\RegimeController->index()
 8 SYSTEMPATH/CodeIgniter.php(497): CodeIgniter\CodeIgniter->runController()
 9 SYSTEMPATH/CodeIgniter.php(340): CodeIgniter\CodeIgniter->handleRequest()
10 SYSTEMPATH/Boot.php(417): CodeIgniter\CodeIgniter->run()
11 SYSTEMPATH/Boot.php(68): CodeIgniter\Boot::runCodeIgniter()
12 FCPATH/index.php(59): CodeIgniter\Boot::bootWeb()
13 SYSTEMPATH/rewrite.php(44): require_once('/home/ianjara/dossier_personnel/ITU/L2/s4/PROJET_REGIME/public/index.php')
ERROR - 2026-05-10 02:55:20 --> Unknown column 'r.variation_mensuelle_kg' in 'field list'
in SYSTEMPATH/Database/MySQLi/Connection.php on line 300.
 1 SYSTEMPATH/Database/MySQLi/Connection.php(300): mysqli->query()
 2 SYSTEMPATH/Database/BaseConnection.php(910): CodeIgniter\Database\MySQLi\Connection->execute()
 3 SYSTEMPATH/Database/BaseConnection.php(827): CodeIgniter\Database\BaseConnection->simpleQuery()
 4 SYSTEMPATH/Database/BaseBuilder.php(1649): CodeIgniter\Database\BaseConnection->query()
 5 APPPATH/Models/RegimeModel.php(119): CodeIgniter\Database\BaseBuilder->get()
 6 APPPATH/Controllers/RegimeController.php(47): App\Models\RegimeModel->getFilteredList()
 7 SYSTEMPATH/CodeIgniter.php(951): App\Controllers\RegimeController->index()
 8 SYSTEMPATH/CodeIgniter.php(497): CodeIgniter\CodeIgniter->runController()
 9 SYSTEMPATH/CodeIgniter.php(340): CodeIgniter\CodeIgniter->handleRequest()
10 SYSTEMPATH/Boot.php(417): CodeIgniter\CodeIgniter->run()
11 SYSTEMPATH/Boot.php(68): CodeIgniter\Boot::runCodeIgniter()
12 FCPATH/index.php(59): CodeIgniter\Boot::bootWeb()
13 SYSTEMPATH/rewrite.php(44): require_once('/home/ianjara/dossier_personnel/ITU/L2/s4/PROJET_REGIME/public/index.php')
CRITICAL - 2026-05-10 02:55:20 --> CodeIgniter\Database\Exceptions\DatabaseException: Unknown column 'r.variation_mensuelle_kg' in 'field list'
[Method: GET, Route: regimes]
in SYSTEMPATH/Database/BaseConnection.php on line 865.
 1 SYSTEMPATH/Database/BaseBuilder.php(1649): CodeIgniter\Database\BaseConnection->query()
 2 APPPATH/Models/RegimeModel.php(119): CodeIgniter\Database\BaseBuilder->get()
 3 APPPATH/Controllers/RegimeController.php(47): App\Models\RegimeModel->getFilteredList()
 4 SYSTEMPATH/CodeIgniter.php(951): App\Controllers\RegimeController->index()
 5 SYSTEMPATH/CodeIgniter.php(497): CodeIgniter\CodeIgniter->runController()
 6 SYSTEMPATH/CodeIgniter.php(340): CodeIgniter\CodeIgniter->handleRequest()
 7 SYSTEMPATH/Boot.php(417): CodeIgniter\CodeIgniter->run()
 8 SYSTEMPATH/Boot.php(68): CodeIgniter\Boot::runCodeIgniter()
 9 FCPATH/index.php(59): CodeIgniter\Boot::bootWeb()
10 SYSTEMPATH/rewrite.php(44): require_once('/home/ianjara/dossier_personnel/ITU/L2/s4/PROJET_REGIME/public/index.php')
CRITICAL - 2026-05-10 02:55:20 --> [Caused by] CodeIgniter\Database\Exceptions\DatabaseException: Unknown column 'r.variation_mensuelle_kg' in 'field list'
in SYSTEMPATH/Database/MySQLi/Connection.php on line 310.
 1 SYSTEMPATH/Database/BaseConnection.php(910): CodeIgniter\Database\MySQLi\Connection->execute()
 2 SYSTEMPATH/Database/BaseConnection.php(827): CodeIgniter\Database\BaseConnection->simpleQuery()
 3 SYSTEMPATH/Database/BaseBuilder.php(1649): CodeIgniter\Database\BaseConnection->query()
 4 APPPATH/Models/RegimeModel.php(119): CodeIgniter\Database\BaseBuilder->get()
 5 APPPATH/Controllers/RegimeController.php(47): App\Models\RegimeModel->getFilteredList()
 6 SYSTEMPATH/CodeIgniter.php(951): App\Controllers\RegimeController->index()
 7 SYSTEMPATH/CodeIgniter.php(497): CodeIgniter\CodeIgniter->runController()
 8 SYSTEMPATH/CodeIgniter.php(340): CodeIgniter\CodeIgniter->handleRequest()
 9 SYSTEMPATH/Boot.php(417): CodeIgniter\CodeIgniter->run()
10 SYSTEMPATH/Boot.php(68): CodeIgniter\Boot::runCodeIgniter()
11 FCPATH/index.php(59): CodeIgniter\Boot::bootWeb()
12 SYSTEMPATH/rewrite.php(44): require_once('/home/ianjara/dossier_personnel/ITU/L2/s4/PROJET_REGIME/public/index.php')
CRITICAL - 2026-05-10 02:55:20 --> [Caused by] mysqli_sql_exception: Unknown column 'r.variation_mensuelle_kg' in 'field list'
in SYSTEMPATH/Database/MySQLi/Connection.php on line 300.
 1 SYSTEMPATH/Database/MySQLi/Connection.php(300): mysqli->query()
 2 SYSTEMPATH/Database/BaseConnection.php(910): CodeIgniter\Database\MySQLi\Connection->execute()
 3 SYSTEMPATH/Database/BaseConnection.php(827): CodeIgniter\Database\BaseConnection->simpleQuery()
 4 SYSTEMPATH/Database/BaseBuilder.php(1649): CodeIgniter\Database\BaseConnection->query()
 5 APPPATH/Models/RegimeModel.php(119): CodeIgniter\Database\BaseBuilder->get()
 6 APPPATH/Controllers/RegimeController.php(47): App\Models\RegimeModel->getFilteredList()
 7 SYSTEMPATH/CodeIgniter.php(951): App\Controllers\RegimeController->index()
 8 SYSTEMPATH/CodeIgniter.php(497): CodeIgniter\CodeIgniter->runController()
 9 SYSTEMPATH/CodeIgniter.php(340): CodeIgniter\CodeIgniter->handleRequest()
10 SYSTEMPATH/Boot.php(417): CodeIgniter\CodeIgniter->run()
11 SYSTEMPATH/Boot.php(68): CodeIgniter\Boot::runCodeIgniter()
12 FCPATH/index.php(59): CodeIgniter\Boot::bootWeb()
13 SYSTEMPATH/rewrite.php(44): require_once('/home/ianjara/dossier_personnel/ITU/L2/s4/PROJET_REGIME/public/index.php')
ERROR - 2026-05-10 02:55:41 --> Unknown column 'r.variation_mensuelle_kg' in 'field list'
in SYSTEMPATH/Database/MySQLi/Connection.php on line 300.
 1 SYSTEMPATH/Database/MySQLi/Connection.php(300): mysqli->query()
 2 SYSTEMPATH/Database/BaseConnection.php(910): CodeIgniter\Database\MySQLi\Connection->execute()
 3 SYSTEMPATH/Database/BaseConnection.php(827): CodeIgniter\Database\BaseConnection->simpleQuery()
 4 SYSTEMPATH/Database/BaseBuilder.php(1649): CodeIgniter\Database\BaseConnection->query()
 5 APPPATH/Models/CommandeModel.php(52): CodeIgniter\Database\BaseBuilder->get()
 6 APPPATH/Controllers/RegimeController.php(310): App\Models\CommandeModel->getPurchasedRegimesByUserId()
 7 SYSTEMPATH/CodeIgniter.php(951): App\Controllers\RegimeController->myRegimes()
 8 SYSTEMPATH/CodeIgniter.php(497): CodeIgniter\CodeIgniter->runController()
 9 SYSTEMPATH/CodeIgniter.php(340): CodeIgniter\CodeIgniter->handleRequest()
10 SYSTEMPATH/Boot.php(417): CodeIgniter\CodeIgniter->run()
11 SYSTEMPATH/Boot.php(68): CodeIgniter\Boot::runCodeIgniter()
12 FCPATH/index.php(59): CodeIgniter\Boot::bootWeb()
13 SYSTEMPATH/rewrite.php(44): require_once('/home/ianjara/dossier_personnel/ITU/L2/s4/PROJET_REGIME/public/index.php')
CRITICAL - 2026-05-10 02:55:41 --> CodeIgniter\Database\Exceptions\DatabaseException: Unknown column 'r.variation_mensuelle_kg' in 'field list'
[Method: GET, Route: mes-regimes]
in SYSTEMPATH/Database/BaseConnection.php on line 865.
 1 SYSTEMPATH/Database/BaseBuilder.php(1649): CodeIgniter\Database\BaseConnection->query()
 2 APPPATH/Models/CommandeModel.php(52): CodeIgniter\Database\BaseBuilder->get()
 3 APPPATH/Controllers/RegimeController.php(310): App\Models\CommandeModel->getPurchasedRegimesByUserId()
 4 SYSTEMPATH/CodeIgniter.php(951): App\Controllers\RegimeController->myRegimes()
 5 SYSTEMPATH/CodeIgniter.php(497): CodeIgniter\CodeIgniter->runController()
 6 SYSTEMPATH/CodeIgniter.php(340): CodeIgniter\CodeIgniter->handleRequest()
 7 SYSTEMPATH/Boot.php(417): CodeIgniter\CodeIgniter->run()
 8 SYSTEMPATH/Boot.php(68): CodeIgniter\Boot::runCodeIgniter()
 9 FCPATH/index.php(59): CodeIgniter\Boot::bootWeb()
10 SYSTEMPATH/rewrite.php(44): require_once('/home/ianjara/dossier_personnel/ITU/L2/s4/PROJET_REGIME/public/index.php')
CRITICAL - 2026-05-10 02:55:41 --> [Caused by] CodeIgniter\Database\Exceptions\DatabaseException: Unknown column 'r.variation_mensuelle_kg' in 'field list'
in SYSTEMPATH/Database/MySQLi/Connection.php on line 310.
 1 SYSTEMPATH/Database/BaseConnection.php(910): CodeIgniter\Database\MySQLi\Connection->execute()
 2 SYSTEMPATH/Database/BaseConnection.php(827): CodeIgniter\Database\BaseConnection->simpleQuery()
 3 SYSTEMPATH/Database/BaseBuilder.php(1649): CodeIgniter\Database\BaseConnection->query()
 4 APPPATH/Models/CommandeModel.php(52): CodeIgniter\Database\BaseBuilder->get()
 5 APPPATH/Controllers/RegimeController.php(310): App\Models\CommandeModel->getPurchasedRegimesByUserId()
 6 SYSTEMPATH/CodeIgniter.php(951): App\Controllers\RegimeController->myRegimes()
 7 SYSTEMPATH/CodeIgniter.php(497): CodeIgniter\CodeIgniter->runController()
 8 SYSTEMPATH/CodeIgniter.php(340): CodeIgniter\CodeIgniter->handleRequest()
 9 SYSTEMPATH/Boot.php(417): CodeIgniter\CodeIgniter->run()
10 SYSTEMPATH/Boot.php(68): CodeIgniter\Boot::runCodeIgniter()
11 FCPATH/index.php(59): CodeIgniter\Boot::bootWeb()
12 SYSTEMPATH/rewrite.php(44): require_once('/home/ianjara/dossier_personnel/ITU/L2/s4/PROJET_REGIME/public/index.php')
CRITICAL - 2026-05-10 02:55:41 --> [Caused by] mysqli_sql_exception: Unknown column 'r.variation_mensuelle_kg' in 'field list'
in SYSTEMPATH/Database/MySQLi/Connection.php on line 300.
 1 SYSTEMPATH/Database/MySQLi/Connection.php(300): mysqli->query()
 2 SYSTEMPATH/Database/BaseConnection.php(910): CodeIgniter\Database\MySQLi\Connection->execute()
 3 SYSTEMPATH/Database/BaseConnection.php(827): CodeIgniter\Database\BaseConnection->simpleQuery()
 4 SYSTEMPATH/Database/BaseBuilder.php(1649): CodeIgniter\Database\BaseConnection->query()
 5 APPPATH/Models/CommandeModel.php(52): CodeIgniter\Database\BaseBuilder->get()
 6 APPPATH/Controllers/RegimeController.php(310): App\Models\CommandeModel->getPurchasedRegimesByUserId()
 7 SYSTEMPATH/CodeIgniter.php(951): App\Controllers\RegimeController->myRegimes()
 8 SYSTEMPATH/CodeIgniter.php(497): CodeIgniter\CodeIgniter->runController()
 9 SYSTEMPATH/CodeIgniter.php(340): CodeIgniter\CodeIgniter->handleRequest()
10 SYSTEMPATH/Boot.php(417): CodeIgniter\CodeIgniter->run()
11 SYSTEMPATH/Boot.php(68): CodeIgniter\Boot::runCodeIgniter()
12 FCPATH/index.php(59): CodeIgniter\Boot::bootWeb()
13 SYSTEMPATH/rewrite.php(44): require_once('/home/ianjara/dossier_personnel/ITU/L2/s4/PROJET_REGIME/public/index.php')
ERROR - 2026-05-10 13:29:50 --> Table 'regime_db.admin' doesn't exist
in SYSTEMPATH\Database\MySQLi\Connection.php on line 300.
 1 SYSTEMPATH\Database\MySQLi\Connection.php(300): mysqli->query('SELECT *
FROM `admin`
WHERE `email` = \'jean@gmail.com\'
 LIMIT 1', 0)
 2 SYSTEMPATH\Database\BaseConnection.php(910): CodeIgniter\Database\MySQLi\Connection->execute('SELECT *
FROM `admin`
WHERE `email` = \'jean@gmail.com\'
 LIMIT 1')
 3 SYSTEMPATH\Database\BaseConnection.php(827): CodeIgniter\Database\BaseConnection->simpleQuery('SELECT *
FROM `admin`
WHERE `email` = \'jean@gmail.com\'
 LIMIT 1')
 4 SYSTEMPATH\Database\BaseBuilder.php(1649): CodeIgniter\Database\BaseConnection->query('SELECT *
FROM `admin`
WHERE `email` = :email:
 LIMIT 1', [...], false)
 5 SYSTEMPATH\Model.php(295): CodeIgniter\Database\BaseBuilder->get()
 6 SYSTEMPATH\BaseModel.php(714): CodeIgniter\Model->doFirst()
 7 APPPATH\Models\AdminModel.php(17): CodeIgniter\BaseModel->first()
 8 APPPATH\Controllers\AdminController.php(19): App\Models\AdminModel->checkAdmin('jean@gmail.com', 'jean123')
 9 SYSTEMPATH\CodeIgniter.php(951): App\Controllers\AdminController->authenticate()
10 SYSTEMPATH\CodeIgniter.php(497): CodeIgniter\CodeIgniter->runController(Object(App\Controllers\AdminController))
11 SYSTEMPATH\CodeIgniter.php(340): CodeIgniter\CodeIgniter->handleRequest(null, Object(Config\Cache), false)
12 SYSTEMPATH\Boot.php(417): CodeIgniter\CodeIgniter->run()
13 SYSTEMPATH\Boot.php(68): CodeIgniter\Boot::runCodeIgniter(Object(CodeIgniter\CodeIgniter))
14 FCPATH\index.php(59): CodeIgniter\Boot::bootWeb(Object(Config\Paths))
15 SYSTEMPATH\rewrite.php(44): require_once('E:\\Dossier_Bryan\\ITU\\S4\\SI\\PROJET_REGIME\\public\\index.php')
CRITICAL - 2026-05-10 13:29:50 --> CodeIgniter\Database\Exceptions\DatabaseException: Table 'regime_db.admin' doesn't exist
[Method: POST, Route: admin/authenticate]
in SYSTEMPATH\Database\BaseConnection.php on line 865.
 1 SYSTEMPATH\Database\BaseBuilder.php(1649): CodeIgniter\Database\BaseConnection->query('SELECT *
FROM `admin`
WHERE `email` = :email:
 LIMIT 1', [...], false)
 2 SYSTEMPATH\Model.php(295): CodeIgniter\Database\BaseBuilder->get()
 3 SYSTEMPATH\BaseModel.php(714): CodeIgniter\Model->doFirst()
 4 APPPATH\Models\AdminModel.php(17): CodeIgniter\BaseModel->first()
 5 APPPATH\Controllers\AdminController.php(19): App\Models\AdminModel->checkAdmin('jean@gmail.com', 'jean123')
 6 SYSTEMPATH\CodeIgniter.php(951): App\Controllers\AdminController->authenticate()
 7 SYSTEMPATH\CodeIgniter.php(497): CodeIgniter\CodeIgniter->runController(Object(App\Controllers\AdminController))
 8 SYSTEMPATH\CodeIgniter.php(340): CodeIgniter\CodeIgniter->handleRequest(null, Object(Config\Cache), false)
 9 SYSTEMPATH\Boot.php(417): CodeIgniter\CodeIgniter->run()
10 SYSTEMPATH\Boot.php(68): CodeIgniter\Boot::runCodeIgniter(Object(CodeIgniter\CodeIgniter))
11 FCPATH\index.php(59): CodeIgniter\Boot::bootWeb(Object(Config\Paths))
12 SYSTEMPATH\rewrite.php(44): require_once('E:\\Dossier_Bryan\\ITU\\S4\\SI\\PROJET_REGIME\\public\\index.php')
CRITICAL - 2026-05-10 13:29:50 --> [Caused by] CodeIgniter\Database\Exceptions\DatabaseException: Table 'regime_db.admin' doesn't exist
in SYSTEMPATH\Database\MySQLi\Connection.php on line 310.
 1 SYSTEMPATH\Database\BaseConnection.php(910): CodeIgniter\Database\MySQLi\Connection->execute('SELECT *
FROM `admin`
WHERE `email` = \'jean@gmail.com\'
 LIMIT 1')
 2 SYSTEMPATH\Database\BaseConnection.php(827): CodeIgniter\Database\BaseConnection->simpleQuery('SELECT *
FROM `admin`
WHERE `email` = \'jean@gmail.com\'
 LIMIT 1')
 3 SYSTEMPATH\Database\BaseBuilder.php(1649): CodeIgniter\Database\BaseConnection->query('SELECT *
FROM `admin`
WHERE `email` = :email:
 LIMIT 1', [...], false)
 4 SYSTEMPATH\Model.php(295): CodeIgniter\Database\BaseBuilder->get()
 5 SYSTEMPATH\BaseModel.php(714): CodeIgniter\Model->doFirst()
 6 APPPATH\Models\AdminModel.php(17): CodeIgniter\BaseModel->first()
 7 APPPATH\Controllers\AdminController.php(19): App\Models\AdminModel->checkAdmin('jean@gmail.com', 'jean123')
 8 SYSTEMPATH\CodeIgniter.php(951): App\Controllers\AdminController->authenticate()
 9 SYSTEMPATH\CodeIgniter.php(497): CodeIgniter\CodeIgniter->runController(Object(App\Controllers\AdminController))
10 SYSTEMPATH\CodeIgniter.php(340): CodeIgniter\CodeIgniter->handleRequest(null, Object(Config\Cache), false)
11 SYSTEMPATH\Boot.php(417): CodeIgniter\CodeIgniter->run()
12 SYSTEMPATH\Boot.php(68): CodeIgniter\Boot::runCodeIgniter(Object(CodeIgniter\CodeIgniter))
13 FCPATH\index.php(59): CodeIgniter\Boot::bootWeb(Object(Config\Paths))
14 SYSTEMPATH\rewrite.php(44): require_once('E:\\Dossier_Bryan\\ITU\\S4\\SI\\PROJET_REGIME\\public\\index.php')
CRITICAL - 2026-05-10 13:29:50 --> [Caused by] mysqli_sql_exception: Table 'regime_db.admin' doesn't exist
in SYSTEMPATH\Database\MySQLi\Connection.php on line 300.
 1 SYSTEMPATH\Database\MySQLi\Connection.php(300): mysqli->query('SELECT *
FROM `admin`
WHERE `email` = \'jean@gmail.com\'
 LIMIT 1', 0)
 2 SYSTEMPATH\Database\BaseConnection.php(910): CodeIgniter\Database\MySQLi\Connection->execute('SELECT *
FROM `admin`
WHERE `email` = \'jean@gmail.com\'
 LIMIT 1')
 3 SYSTEMPATH\Database\BaseConnection.php(827): CodeIgniter\Database\BaseConnection->simpleQuery('SELECT *
FROM `admin`
WHERE `email` = \'jean@gmail.com\'
 LIMIT 1')
 4 SYSTEMPATH\Database\BaseBuilder.php(1649): CodeIgniter\Database\BaseConnection->query('SELECT *
FROM `admin`
WHERE `email` = :email:
 LIMIT 1', [...], false)
 5 SYSTEMPATH\Model.php(295): CodeIgniter\Database\BaseBuilder->get()
 6 SYSTEMPATH\BaseModel.php(714): CodeIgniter\Model->doFirst()
 7 APPPATH\Models\AdminModel.php(17): CodeIgniter\BaseModel->first()
 8 APPPATH\Controllers\AdminController.php(19): App\Models\AdminModel->checkAdmin('jean@gmail.com', 'jean123')
 9 SYSTEMPATH\CodeIgniter.php(951): App\Controllers\AdminController->authenticate()
10 SYSTEMPATH\CodeIgniter.php(497): CodeIgniter\CodeIgniter->runController(Object(App\Controllers\AdminController))
11 SYSTEMPATH\CodeIgniter.php(340): CodeIgniter\CodeIgniter->handleRequest(null, Object(Config\Cache), false)
12 SYSTEMPATH\Boot.php(417): CodeIgniter\CodeIgniter->run()
13 SYSTEMPATH\Boot.php(68): CodeIgniter\Boot::runCodeIgniter(Object(CodeIgniter\CodeIgniter))
14 FCPATH\index.php(59): CodeIgniter\Boot::bootWeb(Object(Config\Paths))
15 SYSTEMPATH\rewrite.php(44): require_once('E:\\Dossier_Bryan\\ITU\\S4\\SI\\PROJET_REGIME\\public\\index.php')
ERROR - 2026-05-10 13:30:27 --> Table 'regime_db.admin' doesn't exist
in SYSTEMPATH\Database\MySQLi\Connection.php on line 300.
 1 SYSTEMPATH\Database\MySQLi\Connection.php(300): mysqli->query('SELECT *
FROM `admin`
WHERE `email` = \'admin@gmail.com\'
 LIMIT 1', 0)
 2 SYSTEMPATH\Database\BaseConnection.php(910): CodeIgniter\Database\MySQLi\Connection->execute('SELECT *
FROM `admin`
WHERE `email` = \'admin@gmail.com\'
 LIMIT 1')
 3 SYSTEMPATH\Database\BaseConnection.php(827): CodeIgniter\Database\BaseConnection->simpleQuery('SELECT *
FROM `admin`
WHERE `email` = \'admin@gmail.com\'
 LIMIT 1')
 4 SYSTEMPATH\Database\BaseBuilder.php(1649): CodeIgniter\Database\BaseConnection->query('SELECT *
FROM `admin`
WHERE `email` = :email:
 LIMIT 1', [...], false)
 5 SYSTEMPATH\Model.php(295): CodeIgniter\Database\BaseBuilder->get()
 6 SYSTEMPATH\BaseModel.php(714): CodeIgniter\Model->doFirst()
 7 APPPATH\Models\AdminModel.php(17): CodeIgniter\BaseModel->first()
 8 APPPATH\Controllers\AdminController.php(19): App\Models\AdminModel->checkAdmin('admin@gmail.com', 'admin123')
 9 SYSTEMPATH\CodeIgniter.php(951): App\Controllers\AdminController->authenticate()
10 SYSTEMPATH\CodeIgniter.php(497): CodeIgniter\CodeIgniter->runController(Object(App\Controllers\AdminController))
11 SYSTEMPATH\CodeIgniter.php(340): CodeIgniter\CodeIgniter->handleRequest(null, Object(Config\Cache), false)
12 SYSTEMPATH\Boot.php(417): CodeIgniter\CodeIgniter->run()
13 SYSTEMPATH\Boot.php(68): CodeIgniter\Boot::runCodeIgniter(Object(CodeIgniter\CodeIgniter))
14 FCPATH\index.php(59): CodeIgniter\Boot::bootWeb(Object(Config\Paths))
15 SYSTEMPATH\rewrite.php(44): require_once('E:\\Dossier_Bryan\\ITU\\S4\\SI\\PROJET_REGIME\\public\\index.php')
CRITICAL - 2026-05-10 13:30:27 --> CodeIgniter\Database\Exceptions\DatabaseException: Table 'regime_db.admin' doesn't exist
[Method: POST, Route: admin/authenticate]
in SYSTEMPATH\Database\BaseConnection.php on line 865.
 1 SYSTEMPATH\Database\BaseBuilder.php(1649): CodeIgniter\Database\BaseConnection->query('SELECT *
FROM `admin`
WHERE `email` = :email:
 LIMIT 1', [...], false)
 2 SYSTEMPATH\Model.php(295): CodeIgniter\Database\BaseBuilder->get()
 3 SYSTEMPATH\BaseModel.php(714): CodeIgniter\Model->doFirst()
 4 APPPATH\Models\AdminModel.php(17): CodeIgniter\BaseModel->first()
 5 APPPATH\Controllers\AdminController.php(19): App\Models\AdminModel->checkAdmin('admin@gmail.com', 'admin123')
 6 SYSTEMPATH\CodeIgniter.php(951): App\Controllers\AdminController->authenticate()
 7 SYSTEMPATH\CodeIgniter.php(497): CodeIgniter\CodeIgniter->runController(Object(App\Controllers\AdminController))
 8 SYSTEMPATH\CodeIgniter.php(340): CodeIgniter\CodeIgniter->handleRequest(null, Object(Config\Cache), false)
 9 SYSTEMPATH\Boot.php(417): CodeIgniter\CodeIgniter->run()
10 SYSTEMPATH\Boot.php(68): CodeIgniter\Boot::runCodeIgniter(Object(CodeIgniter\CodeIgniter))
11 FCPATH\index.php(59): CodeIgniter\Boot::bootWeb(Object(Config\Paths))
12 SYSTEMPATH\rewrite.php(44): require_once('E:\\Dossier_Bryan\\ITU\\S4\\SI\\PROJET_REGIME\\public\\index.php')
CRITICAL - 2026-05-10 13:30:27 --> [Caused by] CodeIgniter\Database\Exceptions\DatabaseException: Table 'regime_db.admin' doesn't exist
in SYSTEMPATH\Database\MySQLi\Connection.php on line 310.
 1 SYSTEMPATH\Database\BaseConnection.php(910): CodeIgniter\Database\MySQLi\Connection->execute('SELECT *
FROM `admin`
WHERE `email` = \'admin@gmail.com\'
 LIMIT 1')
 2 SYSTEMPATH\Database\BaseConnection.php(827): CodeIgniter\Database\BaseConnection->simpleQuery('SELECT *
FROM `admin`
WHERE `email` = \'admin@gmail.com\'
 LIMIT 1')
 3 SYSTEMPATH\Database\BaseBuilder.php(1649): CodeIgniter\Database\BaseConnection->query('SELECT *
FROM `admin`
WHERE `email` = :email:
 LIMIT 1', [...], false)
 4 SYSTEMPATH\Model.php(295): CodeIgniter\Database\BaseBuilder->get()
 5 SYSTEMPATH\BaseModel.php(714): CodeIgniter\Model->doFirst()
 6 APPPATH\Models\AdminModel.php(17): CodeIgniter\BaseModel->first()
 7 APPPATH\Controllers\AdminController.php(19): App\Models\AdminModel->checkAdmin('admin@gmail.com', 'admin123')
 8 SYSTEMPATH\CodeIgniter.php(951): App\Controllers\AdminController->authenticate()
 9 SYSTEMPATH\CodeIgniter.php(497): CodeIgniter\CodeIgniter->runController(Object(App\Controllers\AdminController))
10 SYSTEMPATH\CodeIgniter.php(340): CodeIgniter\CodeIgniter->handleRequest(null, Object(Config\Cache), false)
11 SYSTEMPATH\Boot.php(417): CodeIgniter\CodeIgniter->run()
12 SYSTEMPATH\Boot.php(68): CodeIgniter\Boot::runCodeIgniter(Object(CodeIgniter\CodeIgniter))
13 FCPATH\index.php(59): CodeIgniter\Boot::bootWeb(Object(Config\Paths))
14 SYSTEMPATH\rewrite.php(44): require_once('E:\\Dossier_Bryan\\ITU\\S4\\SI\\PROJET_REGIME\\public\\index.php')
CRITICAL - 2026-05-10 13:30:27 --> [Caused by] mysqli_sql_exception: Table 'regime_db.admin' doesn't exist
in SYSTEMPATH\Database\MySQLi\Connection.php on line 300.
 1 SYSTEMPATH\Database\MySQLi\Connection.php(300): mysqli->query('SELECT *
FROM `admin`
WHERE `email` = \'admin@gmail.com\'
 LIMIT 1', 0)
 2 SYSTEMPATH\Database\BaseConnection.php(910): CodeIgniter\Database\MySQLi\Connection->execute('SELECT *
FROM `admin`
WHERE `email` = \'admin@gmail.com\'
 LIMIT 1')
 3 SYSTEMPATH\Database\BaseConnection.php(827): CodeIgniter\Database\BaseConnection->simpleQuery('SELECT *
FROM `admin`
WHERE `email` = \'admin@gmail.com\'
 LIMIT 1')
 4 SYSTEMPATH\Database\BaseBuilder.php(1649): CodeIgniter\Database\BaseConnection->query('SELECT *
FROM `admin`
WHERE `email` = :email:
 LIMIT 1', [...], false)
 5 SYSTEMPATH\Model.php(295): CodeIgniter\Database\BaseBuilder->get()
 6 SYSTEMPATH\BaseModel.php(714): CodeIgniter\Model->doFirst()
 7 APPPATH\Models\AdminModel.php(17): CodeIgniter\BaseModel->first()
 8 APPPATH\Controllers\AdminController.php(19): App\Models\AdminModel->checkAdmin('admin@gmail.com', 'admin123')
 9 SYSTEMPATH\CodeIgniter.php(951): App\Controllers\AdminController->authenticate()
10 SYSTEMPATH\CodeIgniter.php(497): CodeIgniter\CodeIgniter->runController(Object(App\Controllers\AdminController))
11 SYSTEMPATH\CodeIgniter.php(340): CodeIgniter\CodeIgniter->handleRequest(null, Object(Config\Cache), false)
12 SYSTEMPATH\Boot.php(417): CodeIgniter\CodeIgniter->run()
13 SYSTEMPATH\Boot.php(68): CodeIgniter\Boot::runCodeIgniter(Object(CodeIgniter\CodeIgniter))
14 FCPATH\index.php(59): CodeIgniter\Boot::bootWeb(Object(Config\Paths))
15 SYSTEMPATH\rewrite.php(44): require_once('E:\\Dossier_Bryan\\ITU\\S4\\SI\\PROJET_REGIME\\public\\index.php')
ERROR - 2026-05-10 13:33:54 --> Unknown column 'r.variation_poids' in 'field list'
in SYSTEMPATH\Database\MySQLi\Connection.php on line 300.
 1 SYSTEMPATH\Database\MySQLi\Connection.php(300): mysqli->query('SELECT `r`.`id_regime`, `r`.`nom_regime`, `r`.`variation_poids`, `r`.`pourcentage_viande`, `r`.`pourcentage_poisson`, `r`.`pourcentage_volaille`, `d`.`id_duree_regime`, `d`.`nb_jours`, `d`.`prix`
FROM `regime` `r`
LEFT JOIN `duree_regime` `d` ON `d`.`id_regime` = `r`.`id_regime`
ORDER BY `r`.`id_regime` DESC, `d`.`nb_jours` ASC', 0)
 2 SYSTEMPATH\Database\BaseConnection.php(910): CodeIgniter\Database\MySQLi\Connection->execute('SELECT `r`.`id_regime`, `r`.`nom_regime`, `r`.`variation_poids`, `r`.`pourcentage_viande`, `r`.`pourcentage_poisson`, `r`.`pourcentage_volaille`, `d`.`id_duree_regime`, `d`.`nb_jours`, `d`.`prix`
FROM `regime` `r`
LEFT JOIN `duree_regime` `d` ON `d`.`id_regime` = `r`.`id_regime`
ORDER BY `r`.`id_regime` DESC, `d`.`nb_jours` ASC')
 3 SYSTEMPATH\Database\BaseConnection.php(827): CodeIgniter\Database\BaseConnection->simpleQuery('SELECT `r`.`id_regime`, `r`.`nom_regime`, `r`.`variation_poids`, `r`.`pourcentage_viande`, `r`.`pourcentage_poisson`, `r`.`pourcentage_volaille`, `d`.`id_duree_regime`, `d`.`nb_jours`, `d`.`prix`
FROM `regime` `r`
LEFT JOIN `duree_regime` `d` ON `d`.`id_regime` = `r`.`id_regime`
ORDER BY `r`.`id_regime` DESC, `d`.`nb_jours` ASC')
 4 SYSTEMPATH\Database\BaseBuilder.php(1649): CodeIgniter\Database\BaseConnection->query('SELECT `r`.`id_regime`, `r`.`nom_regime`, `r`.`variation_poids`, `r`.`pourcentage_viande`, `r`.`pourcentage_poisson`, `r`.`pourcentage_volaille`, `d`.`id_duree_regime`, `d`.`nb_jours`, `d`.`prix`
FROM `regime` `r`
LEFT JOIN `duree_regime` `d` ON `d`.`id_regime` = `r`.`id_regime`
ORDER BY `r`.`id_regime` DESC, `d`.`nb_jours` ASC', [], false)
 5 APPPATH\Controllers\AdminRegimeController.php(70): CodeIgniter\Database\BaseBuilder->get()
 6 SYSTEMPATH\CodeIgniter.php(951): App\Controllers\AdminRegimeController->index()
 7 SYSTEMPATH\CodeIgniter.php(497): CodeIgniter\CodeIgniter->runController(Object(App\Controllers\AdminRegimeController))
 8 SYSTEMPATH\CodeIgniter.php(340): CodeIgniter\CodeIgniter->handleRequest(null, Object(Config\Cache), false)
 9 SYSTEMPATH\Boot.php(417): CodeIgniter\CodeIgniter->run()
10 SYSTEMPATH\Boot.php(68): CodeIgniter\Boot::runCodeIgniter(Object(CodeIgniter\CodeIgniter))
11 FCPATH\index.php(59): CodeIgniter\Boot::bootWeb(Object(Config\Paths))
12 SYSTEMPATH\rewrite.php(44): require_once('E:\\Dossier_Bryan\\ITU\\S4\\SI\\PROJET_REGIME\\public\\index.php')
CRITICAL - 2026-05-10 13:33:54 --> CodeIgniter\Database\Exceptions\DatabaseException: Unknown column 'r.variation_poids' in 'field list'
[Method: GET, Route: admin/regimes]
in SYSTEMPATH\Database\BaseConnection.php on line 865.
 1 SYSTEMPATH\Database\BaseBuilder.php(1649): CodeIgniter\Database\BaseConnection->query('SELECT `r`.`id_regime`, `r`.`nom_regime`, `r`.`variation_poids`, `r`.`pourcentage_viande`, `r`.`pourcentage_poisson`, `r`.`pourcentage_volaille`, `d`.`id_duree_regime`, `d`.`nb_jours`, `d`.`prix`
FROM `regime` `r`
LEFT JOIN `duree_regime` `d` ON `d`.`id_regime` = `r`.`id_regime`
ORDER BY `r`.`id_regime` DESC, `d`.`nb_jours` ASC', [], false)
 2 APPPATH\Controllers\AdminRegimeController.php(70): CodeIgniter\Database\BaseBuilder->get()
 3 SYSTEMPATH\CodeIgniter.php(951): App\Controllers\AdminRegimeController->index()
 4 SYSTEMPATH\CodeIgniter.php(497): CodeIgniter\CodeIgniter->runController(Object(App\Controllers\AdminRegimeController))
 5 SYSTEMPATH\CodeIgniter.php(340): CodeIgniter\CodeIgniter->handleRequest(null, Object(Config\Cache), false)
 6 SYSTEMPATH\Boot.php(417): CodeIgniter\CodeIgniter->run()
 7 SYSTEMPATH\Boot.php(68): CodeIgniter\Boot::runCodeIgniter(Object(CodeIgniter\CodeIgniter))
 8 FCPATH\index.php(59): CodeIgniter\Boot::bootWeb(Object(Config\Paths))
 9 SYSTEMPATH\rewrite.php(44): require_once('E:\\Dossier_Bryan\\ITU\\S4\\SI\\PROJET_REGIME\\public\\index.php')
CRITICAL - 2026-05-10 13:33:54 --> [Caused by] CodeIgniter\Database\Exceptions\DatabaseException: Unknown column 'r.variation_poids' in 'field list'
in SYSTEMPATH\Database\MySQLi\Connection.php on line 310.
 1 SYSTEMPATH\Database\BaseConnection.php(910): CodeIgniter\Database\MySQLi\Connection->execute('SELECT `r`.`id_regime`, `r`.`nom_regime`, `r`.`variation_poids`, `r`.`pourcentage_viande`, `r`.`pourcentage_poisson`, `r`.`pourcentage_volaille`, `d`.`id_duree_regime`, `d`.`nb_jours`, `d`.`prix`
FROM `regime` `r`
LEFT JOIN `duree_regime` `d` ON `d`.`id_regime` = `r`.`id_regime`
ORDER BY `r`.`id_regime` DESC, `d`.`nb_jours` ASC')
 2 SYSTEMPATH\Database\BaseConnection.php(827): CodeIgniter\Database\BaseConnection->simpleQuery('SELECT `r`.`id_regime`, `r`.`nom_regime`, `r`.`variation_poids`, `r`.`pourcentage_viande`, `r`.`pourcentage_poisson`, `r`.`pourcentage_volaille`, `d`.`id_duree_regime`, `d`.`nb_jours`, `d`.`prix`
FROM `regime` `r`
LEFT JOIN `duree_regime` `d` ON `d`.`id_regime` = `r`.`id_regime`
ORDER BY `r`.`id_regime` DESC, `d`.`nb_jours` ASC')
 3 SYSTEMPATH\Database\BaseBuilder.php(1649): CodeIgniter\Database\BaseConnection->query('SELECT `r`.`id_regime`, `r`.`nom_regime`, `r`.`variation_poids`, `r`.`pourcentage_viande`, `r`.`pourcentage_poisson`, `r`.`pourcentage_volaille`, `d`.`id_duree_regime`, `d`.`nb_jours`, `d`.`prix`
FROM `regime` `r`
LEFT JOIN `duree_regime` `d` ON `d`.`id_regime` = `r`.`id_regime`
ORDER BY `r`.`id_regime` DESC, `d`.`nb_jours` ASC', [], false)
 4 APPPATH\Controllers\AdminRegimeController.php(70): CodeIgniter\Database\BaseBuilder->get()
 5 SYSTEMPATH\CodeIgniter.php(951): App\Controllers\AdminRegimeController->index()
 6 SYSTEMPATH\CodeIgniter.php(497): CodeIgniter\CodeIgniter->runController(Object(App\Controllers\AdminRegimeController))
 7 SYSTEMPATH\CodeIgniter.php(340): CodeIgniter\CodeIgniter->handleRequest(null, Object(Config\Cache), false)
 8 SYSTEMPATH\Boot.php(417): CodeIgniter\CodeIgniter->run()
 9 SYSTEMPATH\Boot.php(68): CodeIgniter\Boot::runCodeIgniter(Object(CodeIgniter\CodeIgniter))
10 FCPATH\index.php(59): CodeIgniter\Boot::bootWeb(Object(Config\Paths))
11 SYSTEMPATH\rewrite.php(44): require_once('E:\\Dossier_Bryan\\ITU\\S4\\SI\\PROJET_REGIME\\public\\index.php')
CRITICAL - 2026-05-10 13:33:54 --> [Caused by] mysqli_sql_exception: Unknown column 'r.variation_poids' in 'field list'
in SYSTEMPATH\Database\MySQLi\Connection.php on line 300.
 1 SYSTEMPATH\Database\MySQLi\Connection.php(300): mysqli->query('SELECT `r`.`id_regime`, `r`.`nom_regime`, `r`.`variation_poids`, `r`.`pourcentage_viande`, `r`.`pourcentage_poisson`, `r`.`pourcentage_volaille`, `d`.`id_duree_regime`, `d`.`nb_jours`, `d`.`prix`
FROM `regime` `r`
LEFT JOIN `duree_regime` `d` ON `d`.`id_regime` = `r`.`id_regime`
ORDER BY `r`.`id_regime` DESC, `d`.`nb_jours` ASC', 0)
 2 SYSTEMPATH\Database\BaseConnection.php(910): CodeIgniter\Database\MySQLi\Connection->execute('SELECT `r`.`id_regime`, `r`.`nom_regime`, `r`.`variation_poids`, `r`.`pourcentage_viande`, `r`.`pourcentage_poisson`, `r`.`pourcentage_volaille`, `d`.`id_duree_regime`, `d`.`nb_jours`, `d`.`prix`
FROM `regime` `r`
LEFT JOIN `duree_regime` `d` ON `d`.`id_regime` = `r`.`id_regime`
ORDER BY `r`.`id_regime` DESC, `d`.`nb_jours` ASC')
 3 SYSTEMPATH\Database\BaseConnection.php(827): CodeIgniter\Database\BaseConnection->simpleQuery('SELECT `r`.`id_regime`, `r`.`nom_regime`, `r`.`variation_poids`, `r`.`pourcentage_viande`, `r`.`pourcentage_poisson`, `r`.`pourcentage_volaille`, `d`.`id_duree_regime`, `d`.`nb_jours`, `d`.`prix`
FROM `regime` `r`
LEFT JOIN `duree_regime` `d` ON `d`.`id_regime` = `r`.`id_regime`
ORDER BY `r`.`id_regime` DESC, `d`.`nb_jours` ASC')
 4 SYSTEMPATH\Database\BaseBuilder.php(1649): CodeIgniter\Database\BaseConnection->query('SELECT `r`.`id_regime`, `r`.`nom_regime`, `r`.`variation_poids`, `r`.`pourcentage_viande`, `r`.`pourcentage_poisson`, `r`.`pourcentage_volaille`, `d`.`id_duree_regime`, `d`.`nb_jours`, `d`.`prix`
FROM `regime` `r`
LEFT JOIN `duree_regime` `d` ON `d`.`id_regime` = `r`.`id_regime`
ORDER BY `r`.`id_regime` DESC, `d`.`nb_jours` ASC', [], false)
 5 APPPATH\Controllers\AdminRegimeController.php(70): CodeIgniter\Database\BaseBuilder->get()
 6 SYSTEMPATH\CodeIgniter.php(951): App\Controllers\AdminRegimeController->index()
 7 SYSTEMPATH\CodeIgniter.php(497): CodeIgniter\CodeIgniter->runController(Object(App\Controllers\AdminRegimeController))
 8 SYSTEMPATH\CodeIgniter.php(340): CodeIgniter\CodeIgniter->handleRequest(null, Object(Config\Cache), false)
 9 SYSTEMPATH\Boot.php(417): CodeIgniter\CodeIgniter->run()
10 SYSTEMPATH\Boot.php(68): CodeIgniter\Boot::runCodeIgniter(Object(CodeIgniter\CodeIgniter))
11 FCPATH\index.php(59): CodeIgniter\Boot::bootWeb(Object(Config\Paths))
12 SYSTEMPATH\rewrite.php(44): require_once('E:\\Dossier_Bryan\\ITU\\S4\\SI\\PROJET_REGIME\\public\\index.php')
ERROR - 2026-05-10 14:24:24 --> Cannot delete or update a parent row: a foreign key constraint fails (`regime_db`.`commande`, CONSTRAINT `commande_ibfk_3` FOREIGN KEY (`id_duree_regime`) REFERENCES `duree_regime` (`id_duree_regime`))
in SYSTEMPATH\Database\MySQLi\Connection.php on line 300.
 1 SYSTEMPATH\Database\MySQLi\Connection.php(300): mysqli->query('DELETE FROM `duree_regime`
WHERE `id_regime` = 7', 0)
 2 SYSTEMPATH\Database\BaseConnection.php(910): CodeIgniter\Database\MySQLi\Connection->execute('DELETE FROM `duree_regime`
WHERE `id_regime` = 7')
 3 SYSTEMPATH\Database\BaseConnection.php(827): CodeIgniter\Database\BaseConnection->simpleQuery('DELETE FROM `duree_regime`
WHERE `id_regime` = 7')
 4 SYSTEMPATH\Database\BaseBuilder.php(2848): CodeIgniter\Database\BaseConnection->query('DELETE FROM `duree_regime`
WHERE `id_regime` = :id_regime:', [...], false)
 5 SYSTEMPATH\Model.php(441): CodeIgniter\Database\BaseBuilder->delete()
 6 SYSTEMPATH\BaseModel.php(1207): CodeIgniter\Model->doDelete(null, false)
 7 APPPATH\Controllers\AdminRegimeController.php(355): CodeIgniter\BaseModel->delete()
 8 APPPATH\Controllers\AdminRegimeController.php(193): App\Controllers\AdminRegimeController->syncRelations(7, [...], [...])
 9 SYSTEMPATH\CodeIgniter.php(951): App\Controllers\AdminRegimeController->update(7)
10 SYSTEMPATH\CodeIgniter.php(497): CodeIgniter\CodeIgniter->runController(Object(App\Controllers\AdminRegimeController))
11 SYSTEMPATH\CodeIgniter.php(340): CodeIgniter\CodeIgniter->handleRequest(null, Object(Config\Cache), false)
12 SYSTEMPATH\Boot.php(417): CodeIgniter\CodeIgniter->run()
13 SYSTEMPATH\Boot.php(68): CodeIgniter\Boot::runCodeIgniter(Object(CodeIgniter\CodeIgniter))
14 FCPATH\index.php(59): CodeIgniter\Boot::bootWeb(Object(Config\Paths))
15 SYSTEMPATH\rewrite.php(44): require_once('E:\\Dossier_Bryan\\ITU\\S4\\SI\\PROJET_REGIME\\public\\index.php')
ERROR - 2026-05-10 14:24:33 --> Cannot delete or update a parent row: a foreign key constraint fails (`regime_db`.`commande`, CONSTRAINT `commande_ibfk_3` FOREIGN KEY (`id_duree_regime`) REFERENCES `duree_regime` (`id_duree_regime`))
in SYSTEMPATH\Database\MySQLi\Connection.php on line 300.
 1 SYSTEMPATH\Database\MySQLi\Connection.php(300): mysqli->query('DELETE FROM `duree_regime`
WHERE `id_regime` = 7', 0)
 2 SYSTEMPATH\Database\BaseConnection.php(910): CodeIgniter\Database\MySQLi\Connection->execute('DELETE FROM `duree_regime`
WHERE `id_regime` = 7')
 3 SYSTEMPATH\Database\BaseConnection.php(827): CodeIgniter\Database\BaseConnection->simpleQuery('DELETE FROM `duree_regime`
WHERE `id_regime` = 7')
 4 SYSTEMPATH\Database\BaseBuilder.php(2848): CodeIgniter\Database\BaseConnection->query('DELETE FROM `duree_regime`
WHERE `id_regime` = :id_regime:', [...], false)
 5 SYSTEMPATH\Model.php(441): CodeIgniter\Database\BaseBuilder->delete()
 6 SYSTEMPATH\BaseModel.php(1207): CodeIgniter\Model->doDelete(null, false)
 7 APPPATH\Controllers\AdminRegimeController.php(355): CodeIgniter\BaseModel->delete()
 8 APPPATH\Controllers\AdminRegimeController.php(193): App\Controllers\AdminRegimeController->syncRelations(7, [...], [...])
 9 SYSTEMPATH\CodeIgniter.php(951): App\Controllers\AdminRegimeController->update(7)
10 SYSTEMPATH\CodeIgniter.php(497): CodeIgniter\CodeIgniter->runController(Object(App\Controllers\AdminRegimeController))
11 SYSTEMPATH\CodeIgniter.php(340): CodeIgniter\CodeIgniter->handleRequest(null, Object(Config\Cache), false)
12 SYSTEMPATH\Boot.php(417): CodeIgniter\CodeIgniter->run()
13 SYSTEMPATH\Boot.php(68): CodeIgniter\Boot::runCodeIgniter(Object(CodeIgniter\CodeIgniter))
14 FCPATH\index.php(59): CodeIgniter\Boot::bootWeb(Object(Config\Paths))
15 SYSTEMPATH\rewrite.php(44): require_once('E:\\Dossier_Bryan\\ITU\\S4\\SI\\PROJET_REGIME\\public\\index.php')
ERROR - 2026-05-10 14:24:40 --> Cannot delete or update a parent row: a foreign key constraint fails (`regime_db`.`commande`, CONSTRAINT `commande_ibfk_3` FOREIGN KEY (`id_duree_regime`) REFERENCES `duree_regime` (`id_duree_regime`))
in SYSTEMPATH\Database\MySQLi\Connection.php on line 300.
 1 SYSTEMPATH\Database\MySQLi\Connection.php(300): mysqli->query('DELETE FROM `duree_regime`
WHERE `id_regime` = 7', 0)
 2 SYSTEMPATH\Database\BaseConnection.php(910): CodeIgniter\Database\MySQLi\Connection->execute('DELETE FROM `duree_regime`
WHERE `id_regime` = 7')
 3 SYSTEMPATH\Database\BaseConnection.php(827): CodeIgniter\Database\BaseConnection->simpleQuery('DELETE FROM `duree_regime`
WHERE `id_regime` = 7')
 4 SYSTEMPATH\Database\BaseBuilder.php(2848): CodeIgniter\Database\BaseConnection->query('DELETE FROM `duree_regime`
WHERE `id_regime` = :id_regime:', [...], false)
 5 SYSTEMPATH\Model.php(441): CodeIgniter\Database\BaseBuilder->delete()
 6 SYSTEMPATH\BaseModel.php(1207): CodeIgniter\Model->doDelete(null, false)
 7 APPPATH\Controllers\AdminRegimeController.php(355): CodeIgniter\BaseModel->delete()
 8 APPPATH\Controllers\AdminRegimeController.php(193): App\Controllers\AdminRegimeController->syncRelations(7, [...], [...])
 9 SYSTEMPATH\CodeIgniter.php(951): App\Controllers\AdminRegimeController->update(7)
10 SYSTEMPATH\CodeIgniter.php(497): CodeIgniter\CodeIgniter->runController(Object(App\Controllers\AdminRegimeController))
11 SYSTEMPATH\CodeIgniter.php(340): CodeIgniter\CodeIgniter->handleRequest(null, Object(Config\Cache), false)
12 SYSTEMPATH\Boot.php(417): CodeIgniter\CodeIgniter->run()
13 SYSTEMPATH\Boot.php(68): CodeIgniter\Boot::runCodeIgniter(Object(CodeIgniter\CodeIgniter))
14 FCPATH\index.php(59): CodeIgniter\Boot::bootWeb(Object(Config\Paths))
15 SYSTEMPATH\rewrite.php(44): require_once('E:\\Dossier_Bryan\\ITU\\S4\\SI\\PROJET_REGIME\\public\\index.php')
ERROR - 2026-05-10 14:24:50 --> Cannot delete or update a parent row: a foreign key constraint fails (`regime_db`.`commande`, CONSTRAINT `commande_ibfk_3` FOREIGN KEY (`id_duree_regime`) REFERENCES `duree_regime` (`id_duree_regime`))
in SYSTEMPATH\Database\MySQLi\Connection.php on line 300.
 1 SYSTEMPATH\Database\MySQLi\Connection.php(300): mysqli->query('DELETE FROM `duree_regime`
WHERE `id_regime` = 7', 0)
 2 SYSTEMPATH\Database\BaseConnection.php(910): CodeIgniter\Database\MySQLi\Connection->execute('DELETE FROM `duree_regime`
WHERE `id_regime` = 7')
 3 SYSTEMPATH\Database\BaseConnection.php(827): CodeIgniter\Database\BaseConnection->simpleQuery('DELETE FROM `duree_regime`
WHERE `id_regime` = 7')
 4 SYSTEMPATH\Database\BaseBuilder.php(2848): CodeIgniter\Database\BaseConnection->query('DELETE FROM `duree_regime`
WHERE `id_regime` = :id_regime:', [...], false)
 5 SYSTEMPATH\Model.php(441): CodeIgniter\Database\BaseBuilder->delete()
 6 SYSTEMPATH\BaseModel.php(1207): CodeIgniter\Model->doDelete(null, false)
 7 APPPATH\Controllers\AdminRegimeController.php(355): CodeIgniter\BaseModel->delete()
 8 APPPATH\Controllers\AdminRegimeController.php(193): App\Controllers\AdminRegimeController->syncRelations(7, [...], [...])
 9 SYSTEMPATH\CodeIgniter.php(951): App\Controllers\AdminRegimeController->update(7)
10 SYSTEMPATH\CodeIgniter.php(497): CodeIgniter\CodeIgniter->runController(Object(App\Controllers\AdminRegimeController))
11 SYSTEMPATH\CodeIgniter.php(340): CodeIgniter\CodeIgniter->handleRequest(null, Object(Config\Cache), false)
12 SYSTEMPATH\Boot.php(417): CodeIgniter\CodeIgniter->run()
13 SYSTEMPATH\Boot.php(68): CodeIgniter\Boot::runCodeIgniter(Object(CodeIgniter\CodeIgniter))
14 FCPATH\index.php(59): CodeIgniter\Boot::bootWeb(Object(Config\Paths))
15 SYSTEMPATH\rewrite.php(44): require_once('E:\\Dossier_Bryan\\ITU\\S4\\SI\\PROJET_REGIME\\public\\index.php')
ERROR - 2026-05-10 14:46:38 --> Cannot delete or update a parent row: a foreign key constraint fails (`regime_db`.`duree_regime_prix`, CONSTRAINT `duree_regime_prix_ibfk_1` FOREIGN KEY (`id_duree_regime`) REFERENCES `duree_regime` (`id_duree_regime`))
in SYSTEMPATH\Database\MySQLi\Connection.php on line 300.
 1 SYSTEMPATH\Database\MySQLi\Connection.php(300): mysqli->query('DELETE FROM `duree_regime`
WHERE `id_regime` = 5', 0)
 2 SYSTEMPATH\Database\BaseConnection.php(910): CodeIgniter\Database\MySQLi\Connection->execute('DELETE FROM `duree_regime`
WHERE `id_regime` = 5')
 3 SYSTEMPATH\Database\BaseConnection.php(827): CodeIgniter\Database\BaseConnection->simpleQuery('DELETE FROM `duree_regime`
WHERE `id_regime` = 5')
 4 SYSTEMPATH\Database\BaseBuilder.php(2848): CodeIgniter\Database\BaseConnection->query('DELETE FROM `duree_regime`
WHERE `id_regime` = :id_regime:', [...], false)
 5 SYSTEMPATH\Model.php(441): CodeIgniter\Database\BaseBuilder->delete()
 6 SYSTEMPATH\BaseModel.php(1207): CodeIgniter\Model->doDelete(null, false)
 7 APPPATH\Controllers\AdminRegimeController.php(355): CodeIgniter\BaseModel->delete()
 8 APPPATH\Controllers\AdminRegimeController.php(193): App\Controllers\AdminRegimeController->syncRelations(5, [...], [...])
 9 SYSTEMPATH\CodeIgniter.php(951): App\Controllers\AdminRegimeController->update(5)
10 SYSTEMPATH\CodeIgniter.php(497): CodeIgniter\CodeIgniter->runController(Object(App\Controllers\AdminRegimeController))
11 SYSTEMPATH\CodeIgniter.php(340): CodeIgniter\CodeIgniter->handleRequest(null, Object(Config\Cache), false)
12 SYSTEMPATH\Boot.php(417): CodeIgniter\CodeIgniter->run()
13 SYSTEMPATH\Boot.php(68): CodeIgniter\Boot::runCodeIgniter(Object(CodeIgniter\CodeIgniter))
14 FCPATH\index.php(59): CodeIgniter\Boot::bootWeb(Object(Config\Paths))
15 SYSTEMPATH\rewrite.php(44): require_once('E:\\Dossier_Bryan\\ITU\\S4\\SI\\PROJET_REGIME\\public\\index.php')
ERROR - 2026-05-10 14:46:58 --> Cannot delete or update a parent row: a foreign key constraint fails (`regime_db`.`duree_regime_prix`, CONSTRAINT `duree_regime_prix_ibfk_1` FOREIGN KEY (`id_duree_regime`) REFERENCES `duree_regime` (`id_duree_regime`))
in SYSTEMPATH\Database\MySQLi\Connection.php on line 300.
 1 SYSTEMPATH\Database\MySQLi\Connection.php(300): mysqli->query('DELETE FROM `duree_regime`
WHERE `id_regime` = 5', 0)
 2 SYSTEMPATH\Database\BaseConnection.php(910): CodeIgniter\Database\MySQLi\Connection->execute('DELETE FROM `duree_regime`
WHERE `id_regime` = 5')
 3 SYSTEMPATH\Database\BaseConnection.php(827): CodeIgniter\Database\BaseConnection->simpleQuery('DELETE FROM `duree_regime`
WHERE `id_regime` = 5')
 4 SYSTEMPATH\Database\BaseBuilder.php(2848): CodeIgniter\Database\BaseConnection->query('DELETE FROM `duree_regime`
WHERE `id_regime` = :id_regime:', [...], false)
 5 SYSTEMPATH\Model.php(441): CodeIgniter\Database\BaseBuilder->delete()
 6 SYSTEMPATH\BaseModel.php(1207): CodeIgniter\Model->doDelete(null, false)
 7 APPPATH\Controllers\AdminRegimeController.php(355): CodeIgniter\BaseModel->delete()
 8 APPPATH\Controllers\AdminRegimeController.php(193): App\Controllers\AdminRegimeController->syncRelations(5, [...], [...])
 9 SYSTEMPATH\CodeIgniter.php(951): App\Controllers\AdminRegimeController->update(5)
10 SYSTEMPATH\CodeIgniter.php(497): CodeIgniter\CodeIgniter->runController(Object(App\Controllers\AdminRegimeController))
11 SYSTEMPATH\CodeIgniter.php(340): CodeIgniter\CodeIgniter->handleRequest(null, Object(Config\Cache), false)
12 SYSTEMPATH\Boot.php(417): CodeIgniter\CodeIgniter->run()
13 SYSTEMPATH\Boot.php(68): CodeIgniter\Boot::runCodeIgniter(Object(CodeIgniter\CodeIgniter))
14 FCPATH\index.php(59): CodeIgniter\Boot::bootWeb(Object(Config\Paths))
15 SYSTEMPATH\rewrite.php(44): require_once('E:\\Dossier_Bryan\\ITU\\S4\\SI\\PROJET_REGIME\\public\\index.php')
